#
# A fatal error has been detected by the Java Runtime Environment:
#
#  EXCEPTION_PRIV_INSTRUCTION (0xc0000096) at pc=0x00007ffbe73819d6, pid=23356, tid=12040
#
# JRE version: OpenJDK Runtime Environment (23.0.2+7) (build 23.0.2+7-58)
# Java VM: OpenJDK 64-Bit Server VM (23.0.2+7-58, mixed mode, emulated-client, sharing, tiered, compressed oops, compressed class ptrs, g1 gc, windows-amd64)
# Problematic frame:
# V  [jvm.dll+0x5c19d6]
#
# No core dump will be written. Minidumps are not enabled by default on client versions of Windows
#
# If you would like to submit a bug report, please visit:
#   https://bugreport.java.com/bugreport/crash.jsp
#

---------------  S U M M A R Y ------------

Command Line: -XX:TieredStopAtLevel=1 -Dspring.output.ansi.enabled=always -Dcom.sun.management.jmxremote -Dspring.jmx.enabled=true -Dspring.liveBeansView.mbeanDomain -Dspring.application.admin.enabled=true -Dmanagement.endpoints.jmx.exposure.include=* -javaagent:C:\Users\hp\AppData\Local\Programs\IntelliJ IDEA Ultimate\lib\idea_rt.jar=56768 -Dfile.encoding=UTF-8 -Dsun.stdout.encoding=UTF-8 -Dsun.stderr.encoding=UTF-8 com.lorachemicals.Backend.BackendApplication

Host: AMD Ryzen 7 5700U with Radeon Graphics         , 16 cores, 11G,  Windows 11 , 64 bit Build 26100 (10.0.26100.4202)
Time: Wed Jul  9 16:39:54 2025 Sri Lanka Standard Time elapsed time: 0.897107 seconds (0d 0h 0m 0s)

---------------  T H R E A D  ---------------

Current thread (0x00000219ad646e30):  JavaThread "main"             [_thread_in_vm, id=12040, stack(0x0000004191100000,0x0000004191200000) (1024K)]

Stack: [0x0000004191100000,0x0000004191200000],  sp=0x00000041911fc400,  free space=1009k
Native frames: (J=compiled Java code, j=interpreted, Vv=VM code, C=native code)
V  [jvm.dll+0x5c19d6]  (no source info available)
V  [jvm.dll+0x5bfeb1]  (no source info available)
V  [jvm.dll+0x21365b]  (no source info available)
V  [jvm.dll+0x208247]  (no source info available)
V  [jvm.dll+0x5be93f]  (no source info available)
V  [jvm.dll+0x7f4016]  (no source info available)
V  [jvm.dll+0x475ed6]  (no source info available)
V  [jvm.dll+0x47bd78]  (no source info available)
C  [java.dll+0x17d4]  (no source info available)
C  0x00000219b6272f7c  (no source info available)

The last pc belongs to native nmethod (printed below).
Java frames: (J=compiled Java code, j=interpreted, Vv=VM code)
J 1465  java.lang.ClassLoader.defineClass1(Ljava/lang/ClassLoader;Ljava/lang/String;[BIILjava/security/ProtectionDomain;Ljava/lang/String;)Ljava/lang/Class; java.base@23.0.2 (0 bytes) @ 0x00000219b6272ee1 [0x00000219b6272e20+0x00000000000000c1]
j  java.lang.System$2.defineClass(Ljava/lang/ClassLoader;Ljava/lang/String;[BLjava/security/ProtectionDomain;Ljava/lang/String;)Ljava/lang/Class;+10 java.base@23.0.2
j  java.lang.reflect.Proxy$ProxyBuilder.defineProxyClass(Ljava/lang/reflect/Proxy$ProxyBuilder$ProxyClassContext;Ljava/util/List;)Ljava/lang/Class;+122 java.base@23.0.2
j  java.lang.reflect.Proxy$ProxyBuilder.build()Ljava/lang/reflect/Constructor;+8 java.base@23.0.2
j  java.lang.reflect.Proxy.lambda$getProxyConstructor$0(Ljava/lang/ClassLoader;Ljdk/internal/loader/AbstractClassLoaderValue$Sub;)Ljava/lang/reflect/Constructor;+15 java.base@23.0.2
j  java.lang.reflect.Proxy$$Lambda+0x00000219c1021588.apply(Ljava/lang/Object;Ljava/lang/Object;)Ljava/lang/Object;+8 java.base@23.0.2
j  jdk.internal.loader.AbstractClassLoaderValue$Memoizer.get()Ljava/lang/Object;+75 java.base@23.0.2
j  jdk.internal.loader.AbstractClassLoaderValue.computeIfAbsent(Ljava/lang/ClassLoader;Ljava/util/function/BiFunction;)Ljava/lang/Object;+63 java.base@23.0.2
j  java.lang.reflect.Proxy.getProxyConstructor(Ljava/lang/Class;Ljava/lang/ClassLoader;[Ljava/lang/Class;)Ljava/lang/reflect/Constructor;+40 java.base@23.0.2
j  java.lang.reflect.Proxy.newProxyInstance(Ljava/lang/ClassLoader;[Ljava/lang/Class;Ljava/lang/reflect/InvocationHandler;)Ljava/lang/Object;+22 java.base@23.0.2
j  sun.reflect.annotation.AnnotationParser$1.run()Ljava/lang/annotation/Annotation;+33 java.base@23.0.2
j  sun.reflect.annotation.AnnotationParser$1.run()Ljava/lang/Object;+1 java.base@23.0.2
J 1293 c1 java.security.AccessController.doPrivileged(Ljava/security/PrivilegedAction;)Ljava/lang/Object; java.base@23.0.2 (9 bytes) @ 0x00000219b623f894 [0x00000219b623f840+0x0000000000000054]
j  sun.reflect.annotation.AnnotationParser.annotationForMap(Ljava/lang/Class;Ljava/util/Map;)Ljava/lang/annotation/Annotation;+9 java.base@23.0.2
j  sun.reflect.annotation.AnnotationParser.parseAnnotation2(Ljava/nio/ByteBuffer;Ljdk/internal/reflect/ConstantPool;Ljava/lang/Class;Z[Ljava/lang/Class;)Ljava/lang/annotation/Annotation;+271 java.base@23.0.2
j  sun.reflect.annotation.AnnotationParser.parseAnnotation(Ljava/nio/ByteBuffer;Ljdk/internal/reflect/ConstantPool;Ljava/lang/Class;Z)Ljava/lang/annotation/Annotation;+5 java.base@23.0.2
j  sun.reflect.annotation.AnnotationParser.parseParameterAnnotations2([BLjdk/internal/reflect/ConstantPool;Ljava/lang/Class;)[[Ljava/lang/annotation/Annotation;+66 java.base@23.0.2
j  sun.reflect.annotation.AnnotationParser.parseParameterAnnotations([BLjdk/internal/reflect/ConstantPool;Ljava/lang/Class;)[[Ljava/lang/annotation/Annotation;+3 java.base@23.0.2
j  java.lang.reflect.Executable.parseParameterAnnotations([B)[[Ljava/lang/annotation/Annotation;+17 java.base@23.0.2
j  java.lang.reflect.Executable.sharedGetParameterAnnotations([Ljava/lang/Class;[B)[[Ljava/lang/annotation/Annotation;+16 java.base@23.0.2
j  java.lang.reflect.Constructor.getParameterAnnotations()[[Ljava/lang/annotation/Annotation;+9 java.base@23.0.2
j  java.lang.reflect.Parameter.getDeclaredAnnotations()[Ljava/lang/annotation/Annotation;+4 java.base@23.0.2
j  org.springframework.core.annotation.AnnotationsScanner.getDeclaredAnnotations(Ljava/lang/reflect/AnnotatedElement;Z)[Ljava/lang/annotation/Annotation;+25
j  org.springframework.core.annotation.AnnotationsScanner.isKnownEmpty(Ljava/lang/reflect/AnnotatedElement;Lorg/springframework/core/annotation/MergedAnnotations$SearchStrategy;Ljava/util/function/Predicate;)Z+47
j  org.springframework.core.annotation.TypeMappedAnnotations.from(Ljava/lang/reflect/AnnotatedElement;Lorg/springframework/core/annotation/MergedAnnotations$SearchStrategy;Ljava/util/function/Predicate;Lorg/springframework/core/annotation/RepeatableContainers;Lorg/springframework/core/annotation/AnnotationFilter;)Lorg/springframework/core/annotation/MergedAnnotations;+3
j  org.springframework.core.annotation.MergedAnnotations.from(Ljava/lang/reflect/AnnotatedElement;Lorg/springframework/core/annotation/MergedAnnotations$SearchStrategy;Ljava/util/function/Predicate;Lorg/springframework/core/annotation/RepeatableContainers;Lorg/springframework/core/annotation/AnnotationFilter;)Lorg/springframework/core/annotation/MergedAnnotations;+37
j  org.springframework.core.annotation.MergedAnnotations.from(Ljava/lang/reflect/AnnotatedElement;Lorg/springframework/core/annotation/MergedAnnotations$SearchStrategy;Lorg/springframework/core/annotation/RepeatableContainers;Lorg/springframework/core/annotation/AnnotationFilter;)Lorg/springframework/core/annotation/MergedAnnotations;+7
j  org.springframework.core.annotation.MergedAnnotations.from(Ljava/lang/reflect/AnnotatedElement;Lorg/springframework/core/annotation/MergedAnnotations$SearchStrategy;Lorg/springframework/core/annotation/RepeatableContainers;)Lorg/springframework/core/annotation/MergedAnnotations;+6
j  org.springframework.core.annotation.MergedAnnotations.from(Ljava/lang/reflect/AnnotatedElement;Lorg/springframework/core/annotation/MergedAnnotations$SearchStrategy;)Lorg/springframework/core/annotation/MergedAnnotations;+5
j  org.springframework.core.annotation.MergedAnnotations.from(Ljava/lang/reflect/AnnotatedElement;)Lorg/springframework/core/annotation/MergedAnnotations;+4
j  org.springframework.boot.context.properties.bind.ValueObjectBinder$DefaultValueObject.parseConstructorParameters(Ljava/lang/reflect/Constructor;Lorg/springframework/core/ResolvableType;[Ljava/lang/String;)Ljava/util/List;+30
j  org.springframework.boot.context.properties.bind.ValueObjectBinder$DefaultValueObject.get(Ljava/lang/reflect/Constructor;Lorg/springframework/core/ResolvableType;Lorg/springframework/core/ParameterNameDiscoverer;)Lorg/springframework/boot/context/properties/bind/ValueObjectBinder$ValueObject;+17
j  org.springframework.boot.context.properties.bind.ValueObjectBinder$ValueObject.get(Lorg/springframework/boot/context/properties/bind/Bindable;Lorg/springframework/boot/context/properties/bind/Binder$Context;Lorg/springframework/boot/context/properties/bind/BindConstructorProvider;Lorg/springframework/core/ParameterNameDiscoverer;Ljava/lang/Class;)Lorg/springframework/boot/context/properties/bind/ValueObjectBinder$ValueObject;+46
j  org.springframework.boot.context.properties.bind.ValueObjectBinder$ValueObject.get(Lorg/springframework/boot/context/properties/bind/Bindable;Lorg/springframework/boot/context/properties/bind/Binder$Context;Lorg/springframework/boot/context/properties/bind/BindConstructorProvider;Lorg/springframework/core/ParameterNameDiscoverer;)Lorg/springframework/boot/context/properties/bind/ValueObjectBinder$ValueObject;+75
j  org.springframework.boot.context.properties.bind.ValueObjectBinder.bind(Lorg/springframework/boot/context/properties/source/ConfigurationPropertyName;Lorg/springframework/boot/context/properties/bind/Bindable;Lorg/springframework/boot/context/properties/bind/Binder$Context;Lorg/springframework/boot/context/properties/bind/DataObjectPropertyBinder;)Ljava/lang/Object;+9
j  org.springframework.boot.context.properties.bind.Binder.lambda$bindDataObject$6(Lorg/springframework/boot/context/properties/source/ConfigurationPropertyName;Lorg/springframework/boot/context/properties/bind/Bindable;Lorg/springframework/boot/context/properties/bind/Binder$Context;Lorg/springframework/boot/context/properties/bind/DataObjectPropertyBinder;Lorg/springframework/boot/context/properties/bind/DataObjectBinder;)Ljava/lang/Object;+6
j  org.springframework.boot.context.properties.bind.Binder$$Lambda+0x00000219c116d110.apply(Ljava/lang/Object;)Ljava/lang/Object;+20
j  org.springframework.boot.context.properties.bind.Binder.fromDataObjectBinders(Lorg/springframework/boot/context/properties/bind/BindMethod;Ljava/util/function/Function;)Ljava/lang/Object;+42
j  org.springframework.boot.context.properties.bind.Binder.lambda$bindDataObject$7(Lorg/springframework/boot/context/properties/bind/BindMethod;Lorg/springframework/boot/context/properties/source/ConfigurationPropertyName;Lorg/springframework/boot/context/properties/bind/Bindable;Lorg/springframework/boot/context/properties/bind/Binder$Context;Lorg/springframework/boot/context/properties/bind/DataObjectPropertyBinder;)Ljava/lang/Object;+13
j  org.springframework.boot.context.properties.bind.Binder$$Lambda+0x00000219c116cee8.get()Ljava/lang/Object;+24
j  org.springframework.boot.context.properties.bind.Binder$Context.withIncreasedDepth(Ljava/util/function/Supplier;)Ljava/lang/Object;+5
j  org.springframework.boot.context.properties.bind.Binder$Context.withDataObject(Ljava/lang/Class;Ljava/util/function/Supplier;)Ljava/lang/Object;+12
j  org.springframework.boot.context.properties.bind.Binder.bindDataObject(Lorg/springframework/boot/context/properties/source/ConfigurationPropertyName;Lorg/springframework/boot/context/properties/bind/Bindable;Lorg/springframework/boot/context/properties/bind/BindHandler;Lorg/springframework/boot/context/properties/bind/Binder$Context;Z)Ljava/lang/Object;+77
j  org.springframework.boot.context.properties.bind.Binder.bindObject(Lorg/springframework/boot/context/properties/source/ConfigurationPropertyName;Lorg/springframework/boot/context/properties/bind/Bindable;Lorg/springframework/boot/context/properties/bind/BindHandler;Lorg/springframework/boot/context/properties/bind/Binder$Context;Z)Ljava/lang/Object;+113
j  org.springframework.boot.context.properties.bind.Binder.bind(Lorg/springframework/boot/context/properties/source/ConfigurationPropertyName;Lorg/springframework/boot/context/properties/bind/Bindable;Lorg/springframework/boot/context/properties/bind/BindHandler;Lorg/springframework/boot/context/properties/bind/Binder$Context;ZZ)Ljava/lang/Object;+68
j  org.springframework.boot.context.properties.bind.Binder.bind(Lorg/springframework/boot/context/properties/source/ConfigurationPropertyName;Lorg/springframework/boot/context/properties/bind/Bindable;Lorg/springframework/boot/context/properties/bind/BindHandler;Z)Ljava/lang/Object;+44
j  org.springframework.boot.context.properties.bind.Binder.bind(Lorg/springframework/boot/context/properties/source/ConfigurationPropertyName;Lorg/springframework/boot/context/properties/bind/Bindable;Lorg/springframework/boot/context/properties/bind/BindHandler;)Lorg/springframework/boot/context/properties/bind/BindResult;+5
j  org.springframework.boot.context.config.ConfigDataProperties.get(Lorg/springframework/boot/context/properties/bind/Binder;)Lorg/springframework/boot/context/config/ConfigDataProperties;+14
j  org.springframework.boot.context.config.ConfigDataEnvironmentContributor.withBoundProperties(Ljava/lang/Iterable;Lorg/springframework/boot/context/config/ConfigDataActivationContext;)Lorg/springframework/boot/context/config/ConfigDataEnvironmentContributor;+42
j  org.springframework.boot.context.config.ConfigDataEnvironmentContributors.withProcessedImports(Lorg/springframework/boot/context/config/ConfigDataImporter;Lorg/springframework/boot/context/config/ConfigDataActivationContext;)Lorg/springframework/boot/context/config/ConfigDataEnvironmentContributors;+89
j  org.springframework.boot.context.config.ConfigDataEnvironment.processInitial(Lorg/springframework/boot/context/config/ConfigDataEnvironmentContributors;Lorg/springframework/boot/context/config/ConfigDataImporter;)Lorg/springframework/boot/context/config/ConfigDataEnvironmentContributors;+15
j  org.springframework.boot.context.config.ConfigDataEnvironment.processAndApply()V+42
j  org.springframework.boot.context.config.ConfigDataEnvironmentPostProcessor.postProcessEnvironment(Lorg/springframework/core/env/ConfigurableEnvironment;Lorg/springframework/core/io/ResourceLoader;Ljava/util/Collection;)V+34
j  org.springframework.boot.context.config.ConfigDataEnvironmentPostProcessor.postProcessEnvironment(Lorg/springframework/core/env/ConfigurableEnvironment;Lorg/springframework/boot/SpringApplication;)V+10
j  org.springframework.boot.env.EnvironmentPostProcessorApplicationListener.onApplicationEnvironmentPreparedEvent(Lorg/springframework/boot/context/event/ApplicationEnvironmentPreparedEvent;)V+66
j  org.springframework.boot.env.EnvironmentPostProcessorApplicationListener.onApplicationEvent(Lorg/springframework/context/ApplicationEvent;)V+14
j  org.springframework.context.event.SimpleApplicationEventMulticaster.doInvokeListener(Lorg/springframework/context/ApplicationListener;Lorg/springframework/context/ApplicationEvent;)V+2
j  org.springframework.context.event.SimpleApplicationEventMulticaster.invokeListener(Lorg/springframework/context/ApplicationListener;Lorg/springframework/context/ApplicationEvent;)V+34
j  org.springframework.context.event.SimpleApplicationEventMulticaster.multicastEvent(Lorg/springframework/context/ApplicationEvent;Lorg/springframework/core/ResolvableType;)V+104
j  org.springframework.context.event.SimpleApplicationEventMulticaster.multicastEvent(Lorg/springframework/context/ApplicationEvent;)V+3
j  org.springframework.boot.context.event.EventPublishingRunListener.multicastInitialEvent(Lorg/springframework/context/ApplicationEvent;)V+9
j  org.springframework.boot.context.event.EventPublishingRunListener.environmentPrepared(Lorg/springframework/boot/ConfigurableBootstrapContext;Lorg/springframework/core/env/ConfigurableEnvironment;)V+18
j  org.springframework.boot.SpringApplicationRunListeners.lambda$environmentPrepared$2(Lorg/springframework/boot/ConfigurableBootstrapContext;Lorg/springframework/core/env/ConfigurableEnvironment;Lorg/springframework/boot/SpringApplicationRunListener;)V+3
j  org.springframework.boot.SpringApplicationRunListeners$$Lambda+0x00000219c1158b18.accept(Ljava/lang/Object;)V+12
j  java.lang.Iterable.forEach(Ljava/util/function/Consumer;)V+30 java.base@23.0.2
j  org.springframework.boot.SpringApplicationRunListeners.doWithListeners(Ljava/lang/String;Ljava/util/function/Consumer;Ljava/util/function/Consumer;)V+17
j  org.springframework.boot.SpringApplicationRunListeners.doWithListeners(Ljava/lang/String;Ljava/util/function/Consumer;)V+4
j  org.springframework.boot.SpringApplicationRunListeners.environmentPrepared(Lorg/springframework/boot/ConfigurableBootstrapContext;Lorg/springframework/core/env/ConfigurableEnvironment;)V+10
j  org.springframework.boot.SpringApplication.prepareEnvironment(Lorg/springframework/boot/SpringApplicationRunListeners;Lorg/springframework/boot/DefaultBootstrapContext;Lorg/springframework/boot/ApplicationArguments;)Lorg/springframework/core/env/ConfigurableEnvironment;+27
j  org.springframework.boot.SpringApplication.run([Ljava/lang/String;)Lorg/springframework/context/ConfigurableApplicationContext;+65
j  org.springframework.boot.SpringApplication.run([Ljava/lang/Class;[Ljava/lang/String;)Lorg/springframework/context/ConfigurableApplicationContext;+9
j  org.springframework.boot.SpringApplication.run(Ljava/lang/Class;[Ljava/lang/String;)Lorg/springframework/context/ConfigurableApplicationContext;+9
j  com.lorachemicals.Backend.BackendApplication.main([Ljava/lang/String;)V+3
v  ~StubRoutines::call_stub 0x00000219b5d70fcd

siginfo: EXCEPTION_PRIV_INSTRUCTION (0xc0000096)


Registers:
RAX=0x0000000000000200, RBX=0x00000219c021a588, RCX=0x00000219c021a588, RDX=0x00000219c04b20b0
RSP=0x00000041911fc400, RBP=0x0000000000000001, RSI=0x0000000000000003, RDI=0x0000000000000000
R8 =0x00000219c0844bf0, R9 =0x0000000000000000, R10=0x0000021a018f9450, R11=0x00000041911fc3e8
R12=0x0000021a018f9bc8, R13=0x0000021a018f9bb8, R14=0x00000219c0844d50, R15=0x00000219c021a050
RIP=0x00007ffbe73819d6, EFLAGS=0x0000000000010217


Register to memory mapping:

RAX=0x0000000000000200 is an unknown value
RBX={method} {0x00000219c021a590} 'annotationType' '()Ljava/lang/Class;' in 'java/lang/annotation/Annotation'
RCX={method} {0x00000219c021a590} 'annotationType' '()Ljava/lang/Class;' in 'java/lang/annotation/Annotation'
RDX=0x00000219c04b20b0 is pointing into metadata
RSP=0x00000041911fc400 is pointing into the stack for thread: 0x00000219ad646e30
RBP=0x0000000000000001 is an unknown value
RSI=0x0000000000000003 is an unknown value
RDI=0x0 is null
R8 =0x00000219c0844bf0 is pointing into metadata
R9 =0x0 is null
R10=0x0000021a018f9450 is pointing into metadata
R11=0x00000041911fc3e8 is pointing into the stack for thread: 0x00000219ad646e30
R12=0x0000021a018f9bc8 is pointing into metadata
R13=0x0000021a018f9bb8 is pointing into metadata
R14=0x00000219c0844d50 is pointing into metadata
R15=0x00000219c021a050 is a pointer to class: 
java.lang.annotation.Annotation {0x00000219c021a058}
 - instance size:     2
 - klass size:        64
 - access:            public interface abstract 
 - flags:             rewritten is_shared_boot_class 
 - state:             linked
 - name:              'java/lang/annotation/Annotation'
 - super:             'java/lang/Object'
 - sub:               
 - nof implementors:  2
 - arrays:            'java/lang/annotation/Annotation'[]
 - methods:           Array<T>(0x00000219c0844d30)
 - method ordering:   Array<T>(0x00000219c0687a50)
 - local interfaces:  Array<T>(0x00000219c0665fa0)
 - trans. interfaces: Array<T>(0x00000219c0665fa0)
 - secondary supers: Array<T>(0x00000219c0665f88)
 - hash_slot:         20
 - bitmap:            0x0000000000000000
 - constants:         constant pool [17] {0x00000219c0844bf8} for 'java/lang/annotation/Annotation' cache=0x00000219c021a2a8
 - class loader data:  loader data: 0x00000219bfc52040 of 'bootstrap'
 - source file:       'Annotation.java'
 - inner classes:     Array<T>(0x00000219c0665f98)
 - nest members:     Array<T>(0x00000219c0665f98)
 - permitted subclasses:     Array<T>(0x00000219c0665f98)
 - java mirror:       a 'java/lang/Class'{0x00000007549a6608} = 'java/lang/annotation/Annotation'
 - vtable length      5  (start addr: 0x00000219c021a220)
 - itable length      0 (start addr: 0x00000219c021a248)
 - ---- static fields (0 words):
 - ---- non-static fields (0 words):
 - non-static oop maps: 

Top of Stack: (sp=0x00000041911fc400)
0x00000041911fc400:   00000041911fc7e8 0000021a018f9470
0x00000041911fc410:   0000000000000000 0000021a018f9450
0x00000041911fc420:   00000219ab1ea7e0 00000041911fca00
0x00000041911fc430:   00000219ab1fd170 0000000000000000
0x00000041911fc440:   00000041911fc680 00007ffbe737feb1
0x00000041911fc450:   00000219ad646e30 00000041911fc470
0x00000041911fc460:   0000000754834000 00000041911fc988
0x00000041911fc470:   00007ffbe77fcd28 0000000000000000
0x00000041911fc480:   0000000000000000 00007ffbe6fd365b
0x00000041911fc490:   00000041911fc7e8 00000041911fc7f0
0x00000041911fc4a0:   00000219ab1fd250 00000041911fc680
0x00000041911fc4b0:   0000021a018f9450 0000021900000011
0x00000041911fc4c0:   0000020000000043 00000219ab1e96b8
0x00000041911fc4d0:   0000021a062bb4d8 0000021a018f9440
0x00000041911fc4e0:   0000000000000000 00000219ad646e30
0x00000041911fc4f0:   00000041911fc798 00000219c0a157fb
0x00000041911fc500:   00000219ad646e30 000000075481b7c0
0x00000041911fc510:   00000041911fc620 00007ffbe71953bd
0x00000041911fc520:   00000219c01645d0 00000000000000b9
0x00000041911fc530:   00007a4515fcf50a 00000219ab1fd558
0x00000041911fc540:   00000219ab1ea7e0 00000041911fc988
0x00000041911fc550:   00000219ab1ea7e0 00000041911fca00
0x00000041911fc560:   00000219ad646e30 00000041911fca00
0x00000041911fc570:   00000041911fc680 00007ffbe6fc8247
0x00000041911fc580:   00000219ad646e30 00000041911fc988
0x00000041911fc590:   00000219ab1fd170 00000041911fc680
0x00000041911fc5a0:   0000021a062bb4d8 00007ffbe737e93f
0x00000041911fc5b0:   00000219bfc52250 0000000000000000
0x00000041911fc5c0:   0000000000000000 0000000000000000
0x00000041911fc5d0:   00000041911fc988 0000000700000001
0x00000041911fc5e0:   00000219ad646e30 fffffffffffffff7
0x00000041911fc5f0:   00000219c0a1d208 0000000000000002 

Instructions: (pc=0x00007ffbe73819d6)
0x00007ffbe73818d6:   15 8d b0 47 00 b9 00 00 00 e0 e8 9b 94 cb ff cc
0x00007ffbe73818e6:   4c 8d 0d 93 b4 47 00 41 b8 33 06 00 00 48 8d 15
0x00007ffbe73818f6:   6e b0 47 00 b9 00 00 00 e0 e8 7c 94 cb ff cc 48
0x00007ffbe7381906:   8d 4c 24 30 e8 71 65 af ff 49 8b 0e 48 8b 01 ff
0x00007ffbe7381916:   50 40 4c 8d 0d 21 b4 47 00 41 b8 20 06 00 00 48
0x00007ffbe7381926:   8d 15 3c b0 47 00 48 89 44 24 20 b9 00 00 00 e0
0x00007ffbe7381936:   e8 45 94 cb ff cc cc cc cc cc 48 89 54 24 10 53
0x00007ffbe7381946:   55 41 55 48 83 ec 30 33 ed 48 8b da 4c 8b e9 39
0x00007ffbe7381956:   29 0f 8e dd 00 00 00 48 89 74 24 50 48 89 7c 24
0x00007ffbe7381966:   60 4c 89 64 24 68 4c 8d 61 08 4c 89 74 24 28 4c
0x00007ffbe7381976:   89 7c 24 20 66 0f 1f 44 00 00 4d 8b 3c 24 33 ff
0x00007ffbe7381986:   4d 8b 87 90 01 00 00 41 8b 00 85 c0 7e 63 83 e8
0x00007ffbe7381996:   01 48 63 f0 78 5b 4c 8d 76 01 4f 8d 34 f0 0f 1f
0x00007ffbe73819a6:   40 00 0f 1f 84 00 00 00 00 00 49 8b 1e 8b 43 28
0x00007ffbe73819b6:   c1 e8 03 a8 01 74 04 32 c0 eb 19 48 8b cb e8 47
0x00007ffbe73819c6:   dc 0c 00 84 c0 74 04 32 c0 eb 09 8b 43 28 d1 e8
0x00007ffbe73819d6:   f6 d0 24 01 84 c0 8d 4f 01 0f 44 cf 49 83 ee 08
0x00007ffbe73819e6:   48 83 ee 01 8b f9 79 c2 48 8b 5c 24 58 85 c9 7f
0x00007ffbe73819f6:   0c 49 8b 87 a8 01 00 00 83 38 00 7e 0e 48 8b 03
0x00007ffbe7381a06:   44 8b c7 49 8b d7 48 8b cb ff 10 ff c5 49 83 c4
0x00007ffbe7381a16:   08 41 3b 6d 00 0f 8c 5f ff ff ff 4c 8b 7c 24 20
0x00007ffbe7381a26:   4c 8b 74 24 28 4c 8b 64 24 68 48 8b 7c 24 60 48
0x00007ffbe7381a36:   8b 74 24 50 48 83 c4 30 41 5d 5d 5b c3 cc cc cc
0x00007ffbe7381a46:   cc cc cc cc cc cc cc cc cc cc 48 89 4c 24 08 48
0x00007ffbe7381a56:   89 54 24 10 4c 89 44 24 18 4c 89 4c 24 20 48 83
0x00007ffbe7381a66:   ec 28 4c 8b c1 4c 8d 4c 24 38 48 8d 0d 39 ed 67
0x00007ffbe7381a76:   00 ba 03 00 00 00 e8 8f 0c 03 00 48 83 c4 28 c3
0x00007ffbe7381a86:   cc cc cc cc cc cc cc cc cc cc 40 53 48 83 ec 20
0x00007ffbe7381a96:   65 48 8b 04 25 58 00 00 00 8b 15 4f 25 6e 00 48
0x00007ffbe7381aa6:   89 6c 24 30 48 8b e9 48 89 74 24 38 48 89 7c 24
0x00007ffbe7381ab6:   40 48 8b 1c d0 b8 70 00 00 00 80 3c 18 00 75 05
0x00007ffbe7381ac6:   e8 ad ba 35 00 ba 20 00 00 00 48 8b 14 1a 48 8b 


Stack slot to memory mapping:

stack at sp + 0 slots: 0x00000041911fc7e8 is pointing into the stack for thread: 0x00000219ad646e30
stack at sp + 1 slots: 0x0000021a018f9470 is pointing into metadata
stack at sp + 2 slots: 0x0 is null
stack at sp + 3 slots: 0x0000021a018f9450 is pointing into metadata
stack at sp + 4 slots: 0x00000219ab1ea7e0 points into unknown readable memory: 0x000000012e6d6f02 | 02 6f 6d 2e 01 00 00 00
stack at sp + 5 slots: 0x00000041911fca00 is pointing into the stack for thread: 0x00000219ad646e30
stack at sp + 6 slots: 0x00000219ab1fd170 points into unknown readable memory: 0x0000000000000000 | 00 00 00 00 00 00 00 00
stack at sp + 7 slots: 0x0 is null

Lock stack of current Java thread (top to bottom):
LockStack[0]: jdk.internal.loader.AbstractClassLoaderValue$Memoizer 
{0x00000007550fc700} - klass: 'jdk/internal/loader/AbstractClassLoaderValue$Memoizer'
 - ---- fields (total size 5 words):
 - private 'inCall' 'Z' @12  true (0x01)
 - private final 'cl' 'Ljava/lang/ClassLoader;' @16  a 'jdk/internal/loader/ClassLoaders$AppClassLoader'{0x0000000754834000} (0xea906800)
 - private final 'clv' 'Ljdk/internal/loader/AbstractClassLoaderValue;' @20  a 'jdk/internal/loader/AbstractClassLoaderValue$Sub'{0x00000007550fc6e8} (0xeaa1f8dd)
 - private final 'mappingFunction' 'Ljava/util/function/BiFunction;' @24  a 'java/lang/reflect/Proxy$$Lambda+0x00000219c1021588'{0x000000074af635f8} (0xe95ec6bf)
 - private volatile 'v' 'Ljava/lang/Object;' @28  null (0x00000000)
 - private volatile 't' 'Ljava/lang/Throwable;' @32  null (0x00000000)


Compiled method (n/a) 999 1465     n 0       java.lang.ClassLoader::defineClass1 (native)
 total in heap  [0x00000219b6272d08,0x00000219b62732c0] = 1464
 relocation     [0x00000219b6272de0,0x00000219b6272e18] = 56
 main code      [0x00000219b6272e20,0x00000219b62732bf] = 1183
 stub code      [0x00000219b62732bf,0x00000219b62732c0] = 1

[Constant Pool (empty)]

[MachCode]
[Entry Point]
  # {method} {0x00000219c04773c8} 'defineClass1' '(Ljava/lang/ClassLoader;Ljava/lang/String;[BIILjava/security/ProtectionDomain;Ljava/lang/String;)Ljava/lang/Class;' in 'java/lang/ClassLoader'
  # parm0:    rdx:rdx   = 'java/lang/ClassLoader'
  # parm1:    r8:r8     = 'java/lang/String'
  # parm2:    r9:r9     = '[B'
  # parm3:    rdi       = int
  # parm4:    rsi       = int
  # parm5:    rcx:rcx   = 'java/security/ProtectionDomain'
  # parm6:    [sp+0xa0]   = 'java/lang/String'  (sp of caller)
  0x00000219b6272e20: 6690 448b | 5208 443b 

  0x00000219b6272e28: ;   {runtime_call ic_miss_stub}
  0x00000219b6272e28: 5008 0f85 | b0b6 b4ff 
[Verified Entry Point]
  0x00000219b6272e30: 8984 2400 | 80ff ff55 | 488b ec48 | 81ec 9000 | 0000 6690 | 4181 7f20 | 0100 0000 

  0x00000219b6272e4c: ;   {runtime_call StubRoutines (final stubs)}
  0x00000219b6272e4c: 7405 e8ed | 48b3 ff48 | 837d 1000 | 488d 4510 | 480f 4445 | 1048 8944 | 2440 4889 | 4c24 7048 
  0x00000219b6272e6c: 83f9 0048 | 8d44 2470 | 480f 4444 | 2470 4889 | 4424 3848 | 8974 2430 | 4889 7c24 | 284c 894c 
  0x00000219b6272e8c: 2458 4983 | f900 488d | 4424 5848 | 0f44 4424 | 5848 8944 | 2420 4c89 | 4424 5049 | 83f8 004c 
  0x00000219b6272eac: 8d4c 2450 | 4c0f 444c | 2450 4889 | 5424 4848 | 83fa 004c | 8d44 2448 | 4c0f 4444 

  0x00000219b6272ec8: ;   {oop(a 'java/lang/Class'{0x0000000754834850} = 'java/lang/ClassLoader')}
  0x00000219b6272ec8: 2448 49be | 5048 8354 | 0700 0000 | 4c89 7424 | 784c 8d74 | 2478 498b | d6c5 f877 

  0x00000219b6272ee4: ;   {internal_word}
  0x00000219b6272ee4: 49ba e12e | 27b6 1902 | 0000 4d89 | 97a8 0300 | 0049 89a7 | a003 0000 

  0x00000219b6272efc: ;   {external_word}
  0x00000219b6272efc: 49ba 41bd | a0e7 fb7f | 0000 4180 | 3a00 0f84 | 4e00 0000 | 5241 5041 

  0x00000219b6272f14: ;   {metadata({method} {0x00000219c04773c8} 'defineClass1' '(Ljava/lang/ClassLoader;Ljava/lang/String;[BIILjava/security/ProtectionDomain;Ljava/lang/String;)Ljava/lang/Class;' in 'java/lang/ClassLoader')}
  0x00000219b6272f14: 5148 bac0 | 7347 c019 | 0200 0049 | 8bcf 4883 | ec20 40f6 | c40f 0f84 | 1900 0000 | 4883 ec08 
  0x00000219b6272f34: ;   {runtime_call}
  0x00000219b6272f34: 48b8 f0f0 | 50e7 fb7f | 0000 ffd0 | 4883 c408 | e90c 0000 

  0x00000219b6272f48: ;   {runtime_call}
  0x00000219b6272f48: 0048 b8f0 | f050 e7fb | 7f00 00ff | d048 83c4 | 2041 5941 | 585a 498d | 8fc0 0300 | 0041 c787 
  0x00000219b6272f68: 4404 0000 | 0400 0000 

  0x00000219b6272f70: ;   {runtime_call}
  0x00000219b6272f70: 48b8 9416 | 3029 fc7f | 0000 ffd0 | c5f8 7741 | c787 4404 | 0000 0500 | 0000 f083 | 4424 c000 
  0x00000219b6272f90: 493b af48 | 0400 000f | 870e 0000 | 0041 83bf | 4004 0000 | 000f 842b | 0000 00c5 | f877 4889 
  0x00000219b6272fb0: 45f8 498b | cf4c 8be4 | 4883 ec20 | 4883 e4f0 

  0x00000219b6272fc0: ;   {runtime_call}
  0x00000219b6272fc0: 48b8 80ab | 1ae7 fb7f | 0000 ffd0 | 498b e44d | 33e4 488b | 45f8 41c7 | 8744 0400 | 0008 0000 
  0x00000219b6272fe0: 0041 83bf | c804 0000 | 020f 84a3 

  0x00000219b6272fec: ;   {external_word}
  0x00000219b6272fec: 0200 0049 | ba41 bda0 | e7fb 7f00 | 0041 803a | 000f 844c | 0000 0048 

  0x00000219b6273004: ;   {metadata({method} {0x00000219c04773c8} 'defineClass1' '(Ljava/lang/ClassLoader;Ljava/lang/String;[BIILjava/security/ProtectionDomain;Ljava/lang/String;)Ljava/lang/Class;' in 'java/lang/ClassLoader')}
  0x00000219b6273004: 8945 f848 | bac0 7347 | c019 0200 | 0049 8bcf | 4883 ec20 | 40f6 c40f | 0f84 1900 | 0000 4883 
  0x00000219b6273024: ;   {runtime_call}
  0x00000219b6273024: ec08 48b8 | f0f0 50e7 | fb7f 0000 | ffd0 4883 | c408 e90c 

  0x00000219b6273038: ;   {runtime_call}
  0x00000219b6273038: 0000 0048 | b8f0 f050 | e7fb 7f00 | 00ff d048 | 83c4 2048 | 8b45 f849 | c787 a003 | 0000 0000 
  0x00000219b6273058: 0000 49c7 | 87a8 0300 | 0000 0000 | 00c5 f877 | 4885 c00f | 84fe 0100 | 00a8 030f | 8508 0000 
  0x00000219b6273078: 0048 8b00 | e9ee 0100 | 00a8 010f | 8509 0000 | 0048 8b40 | fee9 dd01 | 0000 488b | 40ff 4180 
  0x00000219b6273098: 7f38 000f | 84ce 0100 | 0048 83f8 | 000f 84c4 | 0100 0049 | 8b4f 2848 | 83f9 000f | 8414 0000 
  0x00000219b62730b8: 0048 83e9 | 0849 894f | 2849 034f | 3048 8901 | e9a2 0100 | 0048 81ec | d000 0000 | 4889 0424 
  0x00000219b62730d8: 4889 4c24 | 0848 8954 | 2410 4889 | 7424 1848 | 897c 2420 | 4c89 4424 | 284c 894c | 2430 4c89 
  0x00000219b62730f8: 5424 384c | 895c 2440 | c5fb 1144 | 2450 c5fb | 114c 2458 | c5fb 1154 | 2460 c5fb | 115c 2468 
  0x00000219b6273118: c5fb 1164 | 2470 c5fb | 116c 2478 | c5fb 11b4 | 2480 0000 | 00c5 fb11 | bc24 8800 | 0000 c57b 
  0x00000219b6273138: ;   {no_reloc}
  0x00000219b6273138: 1184 2490 | 0000 00c5 | 7b11 8c24 | 9800 0000 | c57b 1194 | 24a0 0000 | 00c5 7b11 | 9c24 a800 
  0x00000219b6273158: 0000 c57b | 11a4 24b0 | 0000 00c5 | 7b11 ac24 | b800 0000 | c57b 11b4 | 24c0 0000 | 00c5 7b11 
  0x00000219b6273178: bc24 c800 | 0000 498b | d748 8bc8 | 4883 ec20 | 40f6 c40f | 0f84 1900 | 0000 4883 

  0x00000219b6273194: ;   {runtime_call}
  0x00000219b6273194: ec08 48b8 | 0009 0ee7 | fb7f 0000 | ffd0 4883 | c408 e90c 

  0x00000219b62731a8: ;   {runtime_call}
  0x00000219b62731a8: 0000 0048 | b800 090e | e7fb 7f00 | 00ff d048 | 83c4 20c5 | 7b10 bc24 | c800 0000 | c57b 10b4 
  0x00000219b62731c8: 24c0 0000 | 00c5 7b10 | ac24 b800 | 0000 c57b | 10a4 24b0 | 0000 00c5 | 7b10 9c24 | a800 0000 
  0x00000219b62731e8: c57b 1094 | 24a0 0000 | 00c5 7b10 | 8c24 9800 | 0000 c57b | 1084 2490 | 0000 00c5 | fb10 bc24 
  0x00000219b6273208: 8800 0000 | c5fb 10b4 | 2480 0000 | 00c5 fb10 | 6c24 78c5 | fb10 6424 | 70c5 fb10 | 5c24 68c5 
  0x00000219b6273228: fb10 5424 | 60c5 fb10 | 4c24 58c5 | fb10 4424 | 504c 8b5c | 2440 4c8b | 5424 384c | 8b4c 2430 
  0x00000219b6273248: 4c8b 4424 | 2848 8b7c | 2420 488b | 7424 1848 | 8b54 2410 | 488b 4c24 | 0848 8b04 | 2448 81c4 
  0x00000219b6273268: d000 0000 | c5f8 7749 | 8b8f 3004 | 0000 c781 | 0001 0000 | 0000 0000 | c949 837f | 0800 0f85 
  0x00000219b6273288: 0100 0000 

  0x00000219b627328c: ;   {runtime_call StubRoutines (initial stubs)}
  0x00000219b627328c: c3e9 2edc | afff c5f8 | 7748 8945 | f84c 8be4 | 4883 ec20 | 4883 e4f0 

  0x00000219b62732a4: ;   {runtime_call}
  0x00000219b62732a4: 48b8 a025 | 51e7 fb7f | 0000 ffd0 | 498b e44d | 33e4 488b | 45f8 e930 | fdff fff4 
[/MachCode]


Compiled method (c1) 1012 1293       1       java.security.AccessController::doPrivileged (9 bytes)
 total in heap  [0x00000219b623f708,0x00000219b623f990] = 648
 relocation     [0x00000219b623f7e0,0x00000219b623f830] = 80
 main code      [0x00000219b623f840,0x00000219b623f910] = 208
 stub code      [0x00000219b623f910,0x00000219b623f978] = 104
 metadata       [0x00000219b623f978,0x00000219b623f990] = 24
 immutable data [0x0000021a05836560,0x0000021a058365f0] = 144
 dependencies   [0x0000021a05836560,0x0000021a05836568] = 8
 scopes pcs     [0x0000021a05836568,0x0000021a058365b8] = 80
 scopes data    [0x0000021a058365b8,0x0000021a058365f0] = 56

[Constant Pool (empty)]

[MachCode]
[Verified Entry Point]
  # {method} {0x00000219c0499738} 'doPrivileged' '(Ljava/security/PrivilegedAction;)Ljava/lang/Object;' in 'java/security/AccessController'
  # parm0:    rdx:rdx   = 'java/security/PrivilegedAction'
  #           [sp+0x70]  (sp of caller)
  0x00000219b623f840: 8984 2400 | 80ff ff55 | 4883 ec60 | 4181 7f20 | 0100 0000 

  0x00000219b623f854: ;   {runtime_call StubRoutines (final stubs)}
  0x00000219b623f854: 7405 e8e5 | 7eb6 ff48 | 8954 2440 | 0f1f 8000 

  0x00000219b623f864: ;   {static_call}
  0x00000219b623f864: 0000 00e8 

  0x00000219b623f868: ; ImmutableOopMap {[64]=Oop }
                      ;*invokestatic getCallerClass {reexecute=0 rethrow=0 return_oop=0}
                      ; - java.security.AccessController::doPrivileged@2 (line 319)
  0x00000219b623f868: c470 eeff 

  0x00000219b623f86c: ;   {other}
  0x00000219b623f86c: 0f1f 8400 | 6401 0000 | 488b 5424 | 4048 8944 | 2448 0f1f | 8000 0000 | 0048 b8e0 | 466e 051a 
  0x00000219b623f88c: ;   {virtual_call}
  0x00000219b623f88c: 0200 00e8 

  0x00000219b623f890: ; ImmutableOopMap {[72]=Oop }
                      ;*invokeinterface run {reexecute=0 rethrow=0 return_oop=0}
                      ; - java.security.AccessController::executePrivileged@29 (line 778)
                      ; - java.security.AccessController::doPrivileged@5 (line 319)
  0x00000219b623f890: bcbb c3ff 

  0x00000219b623f894: ;   {other}
  0x00000219b623f894: 0f1f 8400 | 8c01 0001 | 488b d048 | 8944 2450 

  0x00000219b623f8a4: ;   {static_call}
  0x00000219b623f8a4: 6666 90e8 

  0x00000219b623f8a8: ; ImmutableOopMap {[72]=Oop [80]=Oop }
                      ;*invokestatic ensureMaterializedForStackWalk {reexecute=0 rethrow=0 return_oop=0}
                      ; - java.security.AccessController::executePrivileged@56 (line 786)
                      ; - java.security.AccessController::doPrivileged@5 (line 319)
  0x00000219b623f8a8: 040b efff 

  0x00000219b623f8ac: ;   {other}
  0x00000219b623f8ac: 0f1f 8400 | a401 0002 | 488b 4424 | 5048 83c4 

  0x00000219b623f8bc: ;   {poll_return}
  0x00000219b623f8bc: 605d 493b | a748 0400 | 000f 8701 | 0000 00c3 

  0x00000219b623f8cc: ;   {internal_word}
  0x00000219b623f8cc: 49ba bef8 | 23b6 1902 | 0000 4d89 | 9760 0400 

  0x00000219b623f8dc: ;   {runtime_call SafepointBlob}
  0x00000219b623f8dc: 00e9 fe5a | b8ff 498b | 8700 0500 | 0049 c787 | 0005 0000 | 0000 0000 | 49c7 8708 | 0500 0000 
  0x00000219b623f8fc: 0000 0048 | 83c4 605d 

  0x00000219b623f904: ;   {runtime_call unwind_exception Runtime1 stub}
  0x00000219b623f904: e957 d1c2 | fff4 f4f4 | f4f4 f4f4 
[Stub Code]
  0x00000219b623f910: ;   {no_reloc}
  0x00000219b623f910: 0f1f 4400 

  0x00000219b623f914: ;   {static_stub}
  0x00000219b623f914: 0048 bb00 | 0000 0000 

  0x00000219b623f91c: ;   {runtime_call nmethod}
  0x00000219b623f91c: 0000 00e9 | fbff ffff 

  0x00000219b623f924: ;   {static_stub}
  0x00000219b623f924: 48bb 0000 | 0000 0000 

  0x00000219b623f92c: ;   {runtime_call nmethod}
  0x00000219b623f92c: 0000 e9fb 

  0x00000219b623f930: ;   {static_stub}
  0x00000219b623f930: ffff ff48 | bb00 0000 | 0000 0000 

  0x00000219b623f93c: ;   {runtime_call nmethod}
  0x00000219b623f93c: 00e9 fbff 

  0x00000219b623f940: ;   {runtime_call handle_exception_from_callee Runtime1 stub}
  0x00000219b623f940: ffff e819 

  0x00000219b623f944: ;   {external_word}
  0x00000219b623f944: 10c3 ff48 | b930 e578 | e7fb 7f00 | 0048 83e4 

  0x00000219b623f954: ;   {runtime_call}
  0x00000219b623f954: f048 b850 | 4d3f e7fb | 7f00 00ff 

  0x00000219b623f960: ;   {section_word}
  0x00000219b623f960: d0f4 49ba | 62f9 23b6 | 1902 0000 

  0x00000219b623f96c: ;   {runtime_call DeoptimizationBlob}
  0x00000219b623f96c: 4152 e90d | 4db8 fff4 | f4f4 f4f4 
[/MachCode]


---------------  P R O C E S S  ---------------

Threads class SMR info:
_java_thread_list=0x0000021a056dc8b0, length=19, elements={
0x00000219ad646e30, 0x00000219bfda9cb0, 0x00000219bfdaa910, 0x00000219bfdae5f0,
0x00000219bfdb1430, 0x00000219bfdba1f0, 0x00000219bfdbbaf0, 0x00000219bfdaf6a0,
0x00000219bfdbc180, 0x0000021a050e8aa0, 0x0000021a050e9f10, 0x0000021a050ea5e0,
0x0000021a050e83d0, 0x00000219bfdbc810, 0x00000219bfdbdbc0, 0x00000219bfdbcea0,
0x00000219bfdbd530, 0x00000219bfdbe250, 0x00000219bfdbadd0
}

Java Threads: ( => current thread )
=>0x00000219ad646e30 JavaThread "main"                              [_thread_in_vm, id=12040, stack(0x0000004191100000,0x0000004191200000) (1024K)]
  0x00000219bfda9cb0 JavaThread "Reference Handler"          daemon [_thread_blocked, id=22584, stack(0x0000004191900000,0x0000004191a00000) (1024K)]
  0x00000219bfdaa910 JavaThread "Finalizer"                  daemon [_thread_blocked, id=7332, stack(0x0000004191a00000,0x0000004191b00000) (1024K)]
  0x00000219bfdae5f0 JavaThread "Signal Dispatcher"          daemon [_thread_blocked, id=22020, stack(0x0000004191b00000,0x0000004191c00000) (1024K)]
  0x00000219bfdb1430 JavaThread "Attach Listener"            daemon [_thread_blocked, id=21980, stack(0x0000004191c00000,0x0000004191d00000) (1024K)]
  0x00000219bfdba1f0 JavaThread "Service Thread"             daemon [_thread_blocked, id=9480, stack(0x0000004191d00000,0x0000004191e00000) (1024K)]
  0x00000219bfdbbaf0 JavaThread "Monitor Deflation Thread"   daemon [_thread_blocked, id=15980, stack(0x0000004191e00000,0x0000004191f00000) (1024K)]
  0x00000219bfdaf6a0 JavaThread "C1 CompilerThread0"         daemon [_thread_blocked, id=21712, stack(0x0000004191f00000,0x0000004192000000) (1024K)]
  0x00000219bfdbc180 JavaThread "Common-Cleaner"             daemon [_thread_blocked, id=3640, stack(0x0000004192000000,0x0000004192100000) (1024K)]
  0x0000021a050e8aa0 JavaThread "C1 CompilerThread1"         daemon [_thread_blocked, id=19800, stack(0x0000004192100000,0x0000004192200000) (1024K)]
  0x0000021a050e9f10 JavaThread "C1 CompilerThread2"         daemon [_thread_blocked, id=8368, stack(0x0000004192200000,0x0000004192300000) (1024K)]
  0x0000021a050ea5e0 JavaThread "C1 CompilerThread3"         daemon [_thread_blocked, id=5368, stack(0x0000004192300000,0x0000004192400000) (1024K)]
  0x0000021a050e83d0 JavaThread "C1 CompilerThread4"         daemon [_thread_blocked, id=21784, stack(0x0000004192400000,0x0000004192500000) (1024K)]
  0x00000219bfdbc810 JavaThread "Monitor Ctrl-Break"         daemon [_thread_in_native, id=19844, stack(0x0000004192500000,0x0000004192600000) (1024K)]
  0x00000219bfdbdbc0 JavaThread "Notification Thread"        daemon [_thread_blocked, id=23460, stack(0x0000004192600000,0x0000004192700000) (1024K)]
  0x00000219bfdbcea0 JavaThread "RMI TCP Accept-0"           daemon [_thread_in_native, id=20712, stack(0x0000004192700000,0x0000004192800000) (1024K)]
  0x00000219bfdbd530 JavaThread "RMI TCP Connection(1)-192.168.43.98" daemon [_thread_in_native, id=12352, stack(0x0000004192800000,0x0000004192900000) (1024K)]
  0x00000219bfdbe250 JavaThread "RMI Scheduler(0)"           daemon [_thread_blocked, id=14568, stack(0x0000004192900000,0x0000004192a00000) (1024K)]
  0x00000219bfdbadd0 JavaThread "JMX server connection timeout 34" daemon [_thread_blocked, id=1392, stack(0x0000004192a00000,0x0000004192b00000) (1024K)]
Total: 19

Other Threads:
  0x00000219bfd8e590 VMThread "VM Thread"                           [id=20612, stack(0x0000004191800000,0x0000004191900000) (1024K)]
  0x00000219bfd7f700 WatcherThread "VM Periodic Task Thread"        [id=19700, stack(0x0000004191700000,0x0000004191800000) (1024K)]
  0x00000219ad699a40 WorkerThread "GC Thread#0"                     [id=15536, stack(0x0000004191200000,0x0000004191300000) (1024K)]
  0x0000021a052a6280 WorkerThread "GC Thread#1"                     [id=4108, stack(0x0000004192b00000,0x0000004192c00000) (1024K)]
  0x0000021a052a6d90 WorkerThread "GC Thread#2"                     [id=2612, stack(0x0000004192c00000,0x0000004192d00000) (1024K)]
  0x0000021a052a5770 WorkerThread "GC Thread#3"                     [id=18912, stack(0x0000004192d00000,0x0000004192e00000) (1024K)]
  0x0000021a059263d0 WorkerThread "GC Thread#4"                     [id=4968, stack(0x0000004192e00000,0x0000004192f00000) (1024K)]
  0x0000021a05926780 WorkerThread "GC Thread#5"                     [id=17228, stack(0x0000004192f00000,0x0000004193000000) (1024K)]
  0x0000021a05926b30 WorkerThread "GC Thread#6"                     [id=16996, stack(0x0000004193000000,0x0000004193100000) (1024K)]
  0x0000021a05926ee0 WorkerThread "GC Thread#7"                     [id=10224, stack(0x0000004193100000,0x0000004193200000) (1024K)]
  0x0000021a059258c0 WorkerThread "GC Thread#8"                     [id=17456, stack(0x0000004193200000,0x0000004193300000) (1024K)]
  0x0000021a05926020 WorkerThread "GC Thread#9"                     [id=14768, stack(0x0000004193300000,0x0000004193400000) (1024K)]
  0x0000021a05927290 WorkerThread "GC Thread#10"                    [id=1668, stack(0x0000004193400000,0x0000004193500000) (1024K)]
  0x00000219ad6a98e0 ConcurrentGCThread "G1 Main Marker"            [id=5412, stack(0x0000004191300000,0x0000004191400000) (1024K)]
  0x00000219ad6ac030 WorkerThread "G1 Conc#0"                       [id=4940, stack(0x0000004191400000,0x0000004191500000) (1024K)]
  0x00000219bfc52e20 ConcurrentGCThread "G1 Refine#0"               [id=12560, stack(0x0000004191500000,0x0000004191600000) (1024K)]
  0x00000219bfc53650 ConcurrentGCThread "G1 Service"                [id=18364, stack(0x0000004191600000,0x0000004191700000) (1024K)]
Total: 17

Threads with active compile tasks:
Total: 0

VM state: not at safepoint (normal execution)

VM Mutex/Monitor currently owned by a thread: None

Heap address: 0x000000074ac00000, size: 2900 MB, Compressed Oops mode: Zero based, Oop shift amount: 3

CDS archive(s) mapped at: [0x00000219c0000000-0x00000219c0d70000-0x00000219c0d70000), size 14090240, SharedBaseAddress: 0x00000219c0000000, ArchiveRelocationMode: 1.
Compressed class space mapped at: 0x00000219c1000000-0x0000021a01000000, reserved size: 1073741824
Narrow klass base: 0x00000219c0000000, Narrow klass shift: 0, Narrow klass range: 0x41000000

GC Precious Log:
 CardTable entry size: 512
 Card Set container configuration: InlinePtr #cards 4 size 8 Array Of Cards #cards 16 size 48 Howl #buckets 8 coarsen threshold 3686 Howl Bitmap #cards 512 size 80 coarsen threshold 460 Card regions per heap region 1 cards per card region 4096
 CPUs: 16 total, 16 available
 Memory: 11597M
 Large Page Support: Disabled
 NUMA Support: Disabled
 Compressed Oops: Enabled (Zero based)
 Heap Region Size: 2M
 Heap Min Capacity: 8M
 Heap Initial Capacity: 182M
 Heap Max Capacity: 2900M
 Pre-touch: Disabled
 Parallel Workers: 13
 Concurrent Workers: 3
 Concurrent Refinement Workers: 13
 Periodic GC: Disabled

Heap:
 garbage-first heap   total reserved 2969600K, committed 186368K, used 25304K [0x000000074ac00000, 0x0000000800000000)
  region size 2048K, 11 young (22528K), 2 survivors (4096K)
 Metaspace       used 10610K, committed 10944K, reserved 1114112K
  class space    used 1445K, committed 1600K, reserved 1048576K

Heap Regions: E=young(eden), S=young(survivor), O=old, HS=humongous(starts), HC=humongous(continues), CS=collection set, F=free, TAMS=top-at-mark-start, PB=parsable bottom
|   0|0x000000074ac00000, 0x000000074ae00000, 0x000000074ae00000|100%| O|  |TAMS 0x000000074ac00000| PB 0x000000074ac00000| Untracked |  0
|   1|0x000000074ae00000, 0x000000074b000000, 0x000000074b000000|100%| O|  |TAMS 0x000000074ae00000| PB 0x000000074ae00000| Untracked |  0
|   2|0x000000074b000000, 0x000000074b0b6000, 0x000000074b200000| 35%| O|  |TAMS 0x000000074b000000| PB 0x000000074b000000| Untracked |  0
|   3|0x000000074b200000, 0x000000074b200000, 0x000000074b400000|  0%| F|  |TAMS 0x000000074b200000| PB 0x000000074b200000| Untracked |  0
|   4|0x000000074b400000, 0x000000074b400000, 0x000000074b600000|  0%| F|  |TAMS 0x000000074b400000| PB 0x000000074b400000| Untracked |  0
|   5|0x000000074b600000, 0x000000074b600000, 0x000000074b800000|  0%| F|  |TAMS 0x000000074b600000| PB 0x000000074b600000| Untracked |  0
|   6|0x000000074b800000, 0x000000074b800000, 0x000000074ba00000|  0%| F|  |TAMS 0x000000074b800000| PB 0x000000074b800000| Untracked |  0
|   7|0x000000074ba00000, 0x000000074ba00000, 0x000000074bc00000|  0%| F|  |TAMS 0x000000074ba00000| PB 0x000000074ba00000| Untracked |  0
|   8|0x000000074bc00000, 0x000000074bc00000, 0x000000074be00000|  0%| F|  |TAMS 0x000000074bc00000| PB 0x000000074bc00000| Untracked |  0
|   9|0x000000074be00000, 0x000000074be00000, 0x000000074c000000|  0%| F|  |TAMS 0x000000074be00000| PB 0x000000074be00000| Untracked |  0
|  10|0x000000074c000000, 0x000000074c000000, 0x000000074c200000|  0%| F|  |TAMS 0x000000074c000000| PB 0x000000074c000000| Untracked |  0
|  11|0x000000074c200000, 0x000000074c200000, 0x000000074c400000|  0%| F|  |TAMS 0x000000074c200000| PB 0x000000074c200000| Untracked |  0
|  12|0x000000074c400000, 0x000000074c400000, 0x000000074c600000|  0%| F|  |TAMS 0x000000074c400000| PB 0x000000074c400000| Untracked |  0
|  13|0x000000074c600000, 0x000000074c600000, 0x000000074c800000|  0%| F|  |TAMS 0x000000074c600000| PB 0x000000074c600000| Untracked |  0
|  14|0x000000074c800000, 0x000000074c800000, 0x000000074ca00000|  0%| F|  |TAMS 0x000000074c800000| PB 0x000000074c800000| Untracked |  0
|  15|0x000000074ca00000, 0x000000074ca00000, 0x000000074cc00000|  0%| F|  |TAMS 0x000000074ca00000| PB 0x000000074ca00000| Untracked |  0
|  16|0x000000074cc00000, 0x000000074cc00000, 0x000000074ce00000|  0%| F|  |TAMS 0x000000074cc00000| PB 0x000000074cc00000| Untracked |  0
|  17|0x000000074ce00000, 0x000000074ce00000, 0x000000074d000000|  0%| F|  |TAMS 0x000000074ce00000| PB 0x000000074ce00000| Untracked |  0
|  18|0x000000074d000000, 0x000000074d000000, 0x000000074d200000|  0%| F|  |TAMS 0x000000074d000000| PB 0x000000074d000000| Untracked |  0
|  19|0x000000074d200000, 0x000000074d200000, 0x000000074d400000|  0%| F|  |TAMS 0x000000074d200000| PB 0x000000074d200000| Untracked |  0
|  20|0x000000074d400000, 0x000000074d400000, 0x000000074d600000|  0%| F|  |TAMS 0x000000074d400000| PB 0x000000074d400000| Untracked |  0
|  21|0x000000074d600000, 0x000000074d600000, 0x000000074d800000|  0%| F|  |TAMS 0x000000074d600000| PB 0x000000074d600000| Untracked |  0
|  22|0x000000074d800000, 0x000000074d800000, 0x000000074da00000|  0%| F|  |TAMS 0x000000074d800000| PB 0x000000074d800000| Untracked |  0
|  23|0x000000074da00000, 0x000000074da00000, 0x000000074dc00000|  0%| F|  |TAMS 0x000000074da00000| PB 0x000000074da00000| Untracked |  0
|  24|0x000000074dc00000, 0x000000074dc00000, 0x000000074de00000|  0%| F|  |TAMS 0x000000074dc00000| PB 0x000000074dc00000| Untracked |  0
|  25|0x000000074de00000, 0x000000074de00000, 0x000000074e000000|  0%| F|  |TAMS 0x000000074de00000| PB 0x000000074de00000| Untracked |  0
|  26|0x000000074e000000, 0x000000074e000000, 0x000000074e200000|  0%| F|  |TAMS 0x000000074e000000| PB 0x000000074e000000| Untracked |  0
|  27|0x000000074e200000, 0x000000074e200000, 0x000000074e400000|  0%| F|  |TAMS 0x000000074e200000| PB 0x000000074e200000| Untracked |  0
|  28|0x000000074e400000, 0x000000074e400000, 0x000000074e600000|  0%| F|  |TAMS 0x000000074e400000| PB 0x000000074e400000| Untracked |  0
|  29|0x000000074e600000, 0x000000074e600000, 0x000000074e800000|  0%| F|  |TAMS 0x000000074e600000| PB 0x000000074e600000| Untracked |  0
|  30|0x000000074e800000, 0x000000074e800000, 0x000000074ea00000|  0%| F|  |TAMS 0x000000074e800000| PB 0x000000074e800000| Untracked |  0
|  31|0x000000074ea00000, 0x000000074ea00000, 0x000000074ec00000|  0%| F|  |TAMS 0x000000074ea00000| PB 0x000000074ea00000| Untracked |  0
|  32|0x000000074ec00000, 0x000000074ec00000, 0x000000074ee00000|  0%| F|  |TAMS 0x000000074ec00000| PB 0x000000074ec00000| Untracked |  0
|  33|0x000000074ee00000, 0x000000074ee00000, 0x000000074f000000|  0%| F|  |TAMS 0x000000074ee00000| PB 0x000000074ee00000| Untracked |  0
|  34|0x000000074f000000, 0x000000074f000000, 0x000000074f200000|  0%| F|  |TAMS 0x000000074f000000| PB 0x000000074f000000| Untracked |  0
|  35|0x000000074f200000, 0x000000074f200000, 0x000000074f400000|  0%| F|  |TAMS 0x000000074f200000| PB 0x000000074f200000| Untracked |  0
|  36|0x000000074f400000, 0x000000074f400000, 0x000000074f600000|  0%| F|  |TAMS 0x000000074f400000| PB 0x000000074f400000| Untracked |  0
|  37|0x000000074f600000, 0x000000074f600000, 0x000000074f800000|  0%| F|  |TAMS 0x000000074f600000| PB 0x000000074f600000| Untracked |  0
|  38|0x000000074f800000, 0x000000074f800000, 0x000000074fa00000|  0%| F|  |TAMS 0x000000074f800000| PB 0x000000074f800000| Untracked |  0
|  39|0x000000074fa00000, 0x000000074fa00000, 0x000000074fc00000|  0%| F|  |TAMS 0x000000074fa00000| PB 0x000000074fa00000| Untracked |  0
|  40|0x000000074fc00000, 0x000000074fc00000, 0x000000074fe00000|  0%| F|  |TAMS 0x000000074fc00000| PB 0x000000074fc00000| Untracked |  0
|  41|0x000000074fe00000, 0x000000074fe00000, 0x0000000750000000|  0%| F|  |TAMS 0x000000074fe00000| PB 0x000000074fe00000| Untracked |  0
|  42|0x0000000750000000, 0x0000000750000000, 0x0000000750200000|  0%| F|  |TAMS 0x0000000750000000| PB 0x0000000750000000| Untracked |  0
|  43|0x0000000750200000, 0x0000000750200000, 0x0000000750400000|  0%| F|  |TAMS 0x0000000750200000| PB 0x0000000750200000| Untracked |  0
|  44|0x0000000750400000, 0x0000000750400000, 0x0000000750600000|  0%| F|  |TAMS 0x0000000750400000| PB 0x0000000750400000| Untracked |  0
|  45|0x0000000750600000, 0x0000000750600000, 0x0000000750800000|  0%| F|  |TAMS 0x0000000750600000| PB 0x0000000750600000| Untracked |  0
|  46|0x0000000750800000, 0x0000000750800000, 0x0000000750a00000|  0%| F|  |TAMS 0x0000000750800000| PB 0x0000000750800000| Untracked |  0
|  47|0x0000000750a00000, 0x0000000750a00000, 0x0000000750c00000|  0%| F|  |TAMS 0x0000000750a00000| PB 0x0000000750a00000| Untracked |  0
|  48|0x0000000750c00000, 0x0000000750c00000, 0x0000000750e00000|  0%| F|  |TAMS 0x0000000750c00000| PB 0x0000000750c00000| Untracked |  0
|  49|0x0000000750e00000, 0x0000000750e00000, 0x0000000751000000|  0%| F|  |TAMS 0x0000000750e00000| PB 0x0000000750e00000| Untracked |  0
|  50|0x0000000751000000, 0x0000000751000000, 0x0000000751200000|  0%| F|  |TAMS 0x0000000751000000| PB 0x0000000751000000| Untracked |  0
|  51|0x0000000751200000, 0x0000000751200000, 0x0000000751400000|  0%| F|  |TAMS 0x0000000751200000| PB 0x0000000751200000| Untracked |  0
|  52|0x0000000751400000, 0x0000000751400000, 0x0000000751600000|  0%| F|  |TAMS 0x0000000751400000| PB 0x0000000751400000| Untracked |  0
|  53|0x0000000751600000, 0x0000000751600000, 0x0000000751800000|  0%| F|  |TAMS 0x0000000751600000| PB 0x0000000751600000| Untracked |  0
|  54|0x0000000751800000, 0x0000000751800000, 0x0000000751a00000|  0%| F|  |TAMS 0x0000000751800000| PB 0x0000000751800000| Untracked |  0
|  55|0x0000000751a00000, 0x0000000751a00000, 0x0000000751c00000|  0%| F|  |TAMS 0x0000000751a00000| PB 0x0000000751a00000| Untracked |  0
|  56|0x0000000751c00000, 0x0000000751c00000, 0x0000000751e00000|  0%| F|  |TAMS 0x0000000751c00000| PB 0x0000000751c00000| Untracked |  0
|  57|0x0000000751e00000, 0x0000000751e00000, 0x0000000752000000|  0%| F|  |TAMS 0x0000000751e00000| PB 0x0000000751e00000| Untracked |  0
|  58|0x0000000752000000, 0x0000000752000000, 0x0000000752200000|  0%| F|  |TAMS 0x0000000752000000| PB 0x0000000752000000| Untracked |  0
|  59|0x0000000752200000, 0x0000000752200000, 0x0000000752400000|  0%| F|  |TAMS 0x0000000752200000| PB 0x0000000752200000| Untracked |  0
|  60|0x0000000752400000, 0x0000000752400000, 0x0000000752600000|  0%| F|  |TAMS 0x0000000752400000| PB 0x0000000752400000| Untracked |  0
|  61|0x0000000752600000, 0x0000000752600000, 0x0000000752800000|  0%| F|  |TAMS 0x0000000752600000| PB 0x0000000752600000| Untracked |  0
|  62|0x0000000752800000, 0x0000000752800000, 0x0000000752a00000|  0%| F|  |TAMS 0x0000000752800000| PB 0x0000000752800000| Untracked |  0
|  63|0x0000000752a00000, 0x0000000752a00000, 0x0000000752c00000|  0%| F|  |TAMS 0x0000000752a00000| PB 0x0000000752a00000| Untracked |  0
|  64|0x0000000752c00000, 0x0000000752c00000, 0x0000000752e00000|  0%| F|  |TAMS 0x0000000752c00000| PB 0x0000000752c00000| Untracked |  0
|  65|0x0000000752e00000, 0x0000000752e00000, 0x0000000753000000|  0%| F|  |TAMS 0x0000000752e00000| PB 0x0000000752e00000| Untracked |  0
|  66|0x0000000753000000, 0x0000000753000000, 0x0000000753200000|  0%| F|  |TAMS 0x0000000753000000| PB 0x0000000753000000| Untracked |  0
|  67|0x0000000753200000, 0x0000000753200000, 0x0000000753400000|  0%| F|  |TAMS 0x0000000753200000| PB 0x0000000753200000| Untracked |  0
|  68|0x0000000753400000, 0x0000000753400000, 0x0000000753600000|  0%| F|  |TAMS 0x0000000753400000| PB 0x0000000753400000| Untracked |  0
|  69|0x0000000753600000, 0x0000000753600000, 0x0000000753800000|  0%| F|  |TAMS 0x0000000753600000| PB 0x0000000753600000| Untracked |  0
|  70|0x0000000753800000, 0x0000000753800000, 0x0000000753a00000|  0%| F|  |TAMS 0x0000000753800000| PB 0x0000000753800000| Untracked |  0
|  71|0x0000000753a00000, 0x0000000753a00000, 0x0000000753c00000|  0%| F|  |TAMS 0x0000000753a00000| PB 0x0000000753a00000| Untracked |  0
|  72|0x0000000753c00000, 0x0000000753c00000, 0x0000000753e00000|  0%| F|  |TAMS 0x0000000753c00000| PB 0x0000000753c00000| Untracked |  0
|  73|0x0000000753e00000, 0x0000000753e00000, 0x0000000754000000|  0%| F|  |TAMS 0x0000000753e00000| PB 0x0000000753e00000| Untracked |  0
|  74|0x0000000754000000, 0x0000000754000000, 0x0000000754200000|  0%| F|  |TAMS 0x0000000754000000| PB 0x0000000754000000| Untracked |  0
|  75|0x0000000754200000, 0x0000000754200000, 0x0000000754400000|  0%| F|  |TAMS 0x0000000754200000| PB 0x0000000754200000| Untracked |  0
|  76|0x0000000754400000, 0x0000000754400000, 0x0000000754600000|  0%| F|  |TAMS 0x0000000754400000| PB 0x0000000754400000| Untracked |  0
|  77|0x0000000754600000, 0x0000000754800000, 0x0000000754800000|100%| S|CS|TAMS 0x0000000754600000| PB 0x0000000754600000| Complete |  0
|  78|0x0000000754800000, 0x0000000754a00000, 0x0000000754a00000|100%| S|CS|TAMS 0x0000000754800000| PB 0x0000000754800000| Complete |  0
|  79|0x0000000754a00000, 0x0000000754a00000, 0x0000000754c00000|  0%| F|  |TAMS 0x0000000754a00000| PB 0x0000000754a00000| Untracked |  0
|  80|0x0000000754c00000, 0x0000000754c00000, 0x0000000754e00000|  0%| F|  |TAMS 0x0000000754c00000| PB 0x0000000754c00000| Untracked |  0
|  81|0x0000000754e00000, 0x0000000754e00000, 0x0000000755000000|  0%| F|  |TAMS 0x0000000754e00000| PB 0x0000000754e00000| Untracked |  0
|  82|0x0000000755000000, 0x000000075514a100, 0x0000000755200000| 64%| E|  |TAMS 0x0000000755000000| PB 0x0000000755000000| Complete |  0
|  83|0x0000000755200000, 0x0000000755400000, 0x0000000755400000|100%| E|CS|TAMS 0x0000000755200000| PB 0x0000000755200000| Complete |  0
|  84|0x0000000755400000, 0x0000000755600000, 0x0000000755600000|100%| E|CS|TAMS 0x0000000755400000| PB 0x0000000755400000| Complete |  0
|  85|0x0000000755600000, 0x0000000755800000, 0x0000000755800000|100%| E|CS|TAMS 0x0000000755600000| PB 0x0000000755600000| Complete |  0
|  86|0x0000000755800000, 0x0000000755a00000, 0x0000000755a00000|100%| E|CS|TAMS 0x0000000755800000| PB 0x0000000755800000| Complete |  0
|  87|0x0000000755a00000, 0x0000000755c00000, 0x0000000755c00000|100%| E|CS|TAMS 0x0000000755a00000| PB 0x0000000755a00000| Complete |  0
|  88|0x0000000755c00000, 0x0000000755e00000, 0x0000000755e00000|100%| E|CS|TAMS 0x0000000755c00000| PB 0x0000000755c00000| Complete |  0
|  89|0x0000000755e00000, 0x0000000756000000, 0x0000000756000000|100%| E|CS|TAMS 0x0000000755e00000| PB 0x0000000755e00000| Complete |  0
|  90|0x0000000756000000, 0x0000000756200000, 0x0000000756200000|100%| E|CS|TAMS 0x0000000756000000| PB 0x0000000756000000| Complete |  0

Card table byte_map: [0x00000219b9aa0000,0x00000219ba050000] _byte_map_base: 0x00000219b604a000

Marking Bits: (CMBitMap*) 0x00000219ad69ac70
 Bits: [0x00000219ba050000, 0x00000219bcda0000)

Polling page: 0x00000219ab470000

Metaspace:

Usage:
  Non-class:      8.95 MB used.
      Class:      1.41 MB used.
       Both:     10.36 MB used.

Virtual space:
  Non-class space:       64.00 MB reserved,       9.12 MB ( 14%) committed,  1 nodes.
      Class space:        1.00 GB reserved,       1.56 MB ( <1%) committed,  1 nodes.
             Both:        1.06 GB reserved,      10.69 MB ( <1%) committed. 

Chunk freelists:
   Non-Class:  6.02 MB
       Class:  14.44 MB
        Both:  20.46 MB

MaxMetaspaceSize: unlimited
CompressedClassSpaceSize: 1.00 GB
Initial GC threshold: 21.00 MB
Current GC threshold: 21.00 MB
CDS: on
 - commit_granule_bytes: 65536.
 - commit_granule_words: 8192.
 - virtual_space_node_default_size: 8388608.
 - enlarge_chunks_in_place: 1.
 - use_allocation_guard: 0.


Internal statistics:

num_allocs_failed_limit: 0.
num_arena_births: 404.
num_arena_deaths: 0.
num_vsnodes_births: 2.
num_vsnodes_deaths: 0.
num_space_committed: 171.
num_space_uncommitted: 0.
num_chunks_returned_to_freelist: 0.
num_chunks_taken_from_freelist: 669.
num_chunk_merges: 0.
num_chunk_splits: 411.
num_chunks_enlarged: 228.
num_inconsistent_stats: 0.

CodeCache: size=49152Kb used=5961Kb max_used=5961Kb free=43190Kb
 bounds [0x00000219b5d70000, 0x00000219b6350000, 0x00000219b8d70000]
 total_blobs=2627, nmethods=2115, adapters=433, full_count=0
Compilation: enabled, stopped_count=0, restarted_count=0

Compilation events (20 events):
Event: 0.883 Thread 0x0000021a050e9f10 2107       1       java.lang.constant.ClassDesc::isArray (21 bytes)
Event: 0.883 Thread 0x00000219bfdaf6a0 2108       1       jdk.internal.classfile.impl.Util::toInternalName (38 bytes)
Event: 0.883 Thread 0x0000021a050e83d0 nmethod 2105 0x00000219b633f808 code [0x00000219b633f940, 0x00000219b633faf8]
Event: 0.883 Thread 0x0000021a050e8aa0 2109       1       jdk.internal.constant.ReferenceClassDescImpl::<init> (10 bytes)
Event: 0.883 Thread 0x0000021a050e83d0 2110       1       jdk.internal.classfile.impl.SplitConstantPool::classEntry (6 bytes)
Event: 0.883 Thread 0x0000021a050e9f10 nmethod 2107 0x00000219b633fb88 code [0x00000219b633fcc0, 0x00000219b633fed0]
Event: 0.883 Thread 0x00000219bfdaf6a0 nmethod 2108 0x00000219b633ff88 code [0x00000219b63400e0, 0x00000219b63403c8]
Event: 0.884 Thread 0x0000021a050ea5e0 nmethod 2106 0x00000219b6340488 code [0x00000219b6340680, 0x00000219b6340ca8]
Event: 0.884 Thread 0x0000021a050e9f10 2111       1       jdk.internal.classfile.impl.SplitConstantPool::classEntry (46 bytes)
Event: 0.884 Thread 0x0000021a050e8aa0 nmethod 2109 0x00000219b6340d08 code [0x00000219b6340e20, 0x00000219b6340f38]
Event: 0.884 Thread 0x00000219bfdaf6a0 2112       1       jdk.internal.classfile.impl.BufWriterImpl::constantPool (5 bytes)
Event: 0.884 Thread 0x0000021a050e83d0 nmethod 2110 0x00000219b6341008 code [0x00000219b6341120, 0x00000219b6341200]
Event: 0.884 Thread 0x0000021a050e8aa0 2113       1       jdk.internal.classfile.impl.Util::methodTypeSymbol (8 bytes)
Event: 0.884 Thread 0x0000021a050e83d0 2114       1       jdk.internal.classfile.impl.AbstractPoolEntry$NameAndTypeEntryImpl::methodTypeSymbol (41 bytes)
Event: 0.884 Thread 0x00000219bfdaf6a0 nmethod 2112 0x00000219b6341308 code [0x00000219b6341420, 0x00000219b63414f0]
Event: 0.884 Thread 0x0000021a050e8aa0 nmethod 2113 0x00000219b6341608 code [0x00000219b6341720, 0x00000219b6341820]
Event: 0.884 Thread 0x0000021a050e8aa0 2115       1       jdk.internal.classfile.impl.AbstractPoolEntry$AbstractRefsEntry::writeTo (41 bytes)
Event: 0.884 Thread 0x0000021a050e83d0 nmethod 2114 0x00000219b6341908 code [0x00000219b6341a40, 0x00000219b6341cd0]
Event: 0.884 Thread 0x0000021a050e9f10 nmethod 2111 0x00000219b6341d08 code [0x00000219b6341e60, 0x00000219b63421e0]
Event: 0.884 Thread 0x0000021a050e8aa0 nmethod 2115 0x00000219b6342288 code [0x00000219b63423e0, 0x00000219b6342658]

GC Heap History (2 events):
Event: 0.483 GC heap before
{Heap before GC invocations=0 (full 0):
 garbage-first heap   total reserved 2969600K, committed 186368K, used 22528K [0x000000074ac00000, 0x0000000800000000)
  region size 2048K, 12 young (24576K), 0 survivors (0K)
 Metaspace       used 6715K, committed 7040K, reserved 1114112K
  class space    used 844K, committed 1024K, reserved 1048576K
}
Event: 0.490 GC heap after
{Heap after GC invocations=1 (full 0):
 garbage-first heap   total reserved 2969600K, committed 186368K, used 8920K [0x000000074ac00000, 0x0000000800000000)
  region size 2048K, 2 young (4096K), 2 survivors (4096K)
 Metaspace       used 6715K, committed 7040K, reserved 1114112K
  class space    used 844K, committed 1024K, reserved 1048576K
}

Dll operation events (10 events):
Event: 0.011 Loaded shared library C:\Users\hp\.jdks\openjdk-23.0.2\bin\java.dll
Event: 0.115 Loaded shared library C:\Users\hp\.jdks\openjdk-23.0.2\bin\zip.dll
Event: 0.117 Loaded shared library C:\Users\hp\.jdks\openjdk-23.0.2\bin\instrument.dll
Event: 0.122 Loaded shared library C:\Users\hp\.jdks\openjdk-23.0.2\bin\net.dll
Event: 0.124 Loaded shared library C:\Users\hp\.jdks\openjdk-23.0.2\bin\nio.dll
Event: 0.127 Loaded shared library C:\Users\hp\.jdks\openjdk-23.0.2\bin\zip.dll
Event: 0.166 Loaded shared library C:\Users\hp\.jdks\openjdk-23.0.2\bin\jimage.dll
Event: 0.202 Loaded shared library C:\Users\hp\.jdks\openjdk-23.0.2\bin\extnet.dll
Event: 0.210 Loaded shared library C:\Users\hp\.jdks\openjdk-23.0.2\bin\management.dll
Event: 0.218 Loaded shared library C:\Users\hp\.jdks\openjdk-23.0.2\bin\management_ext.dll

Deoptimization events (0 events):
No events

Classes loaded (20 events):
Event: 0.862 Loading class java/io/LineNumberReader
Event: 0.862 Loading class java/io/LineNumberReader done
Event: 0.863 Loading class sun/nio/cs/ISO_8859_1$Decoder
Event: 0.863 Loading class sun/nio/cs/ISO_8859_1$Decoder done
Event: 0.866 Loading class java/util/function/BooleanSupplier
Event: 0.866 Loading class java/util/function/BooleanSupplier done
Event: 0.867 Loading class javax/management/openmbean/CompositeDataSupport
Event: 0.867 Loading class javax/management/openmbean/CompositeDataSupport done
Event: 0.868 Loading class javax/management/openmbean/OpenDataException
Event: 0.868 Loading class javax/management/openmbean/OpenDataException done
Event: 0.870 Loading class java/lang/runtime/ObjectMethods
Event: 0.870 Loading class java/lang/runtime/ObjectMethods done
Event: 0.871 Loading class java/io/ObjectStreamException
Event: 0.871 Loading class java/io/ObjectStreamException done
Event: 0.872 Loading class java/lang/runtime/ObjectMethods$1
Event: 0.872 Loading class java/lang/runtime/ObjectMethods$1 done
Event: 0.877 Loading class java/util/RegularEnumSet$EnumSetIterator
Event: 0.877 Loading class java/util/RegularEnumSet$EnumSetIterator done
Event: 0.881 Loading class java/lang/reflect/Executable$ParameterData
Event: 0.882 Loading class java/lang/reflect/Executable$ParameterData done

Classes unloaded (0 events):
No events

Classes redefined (0 events):
No events

Internal exceptions (20 events):
Event: 0.754 Thread 0x00000219ad646e30 Exception <a 'java/lang/NoSuchMethodError'{0x00000007557e17c0}: 'int java.lang.invoke.DirectMethodHandle$Holder.invokeSpecialIFC(java.lang.Object, java.lang.Object, java.lang.Object, java.lang.Object, java.lang.Object)'> (0x00000007557e17c0) 
thrown [s\open\src\hotspot\share\interpreter\linkResolver.cpp, line 796]
Event: 0.784 Thread 0x00000219ad646e30 Exception <a 'java/lang/NoSuchMethodError'{0x00000007555431a8}: 'java.lang.Object java.lang.invoke.DirectMethodHandle$Holder.newInvokeSpecial(java.lang.Object, java.lang.Object, java.lang.Object, java.lang.Object, java.lang.Object, java.lang.Object, java.lang.Object)'> (0x00000007555431a8) 
thrown [s\open\src\hotspot\share\interpreter\linkResolver.cpp, line 796]
Event: 0.785 Thread 0x00000219ad646e30 Exception <a 'java/lang/NoSuchMethodError'{0x000000075555ad20}: 'void java.lang.invoke.DirectMethodHandle$Holder.invokeStaticInit(java.lang.Object, java.lang.Object)'> (0x000000075555ad20) 
thrown [s\open\src\hotspot\share\interpreter\linkResolver.cpp, line 796]
Event: 0.788 Thread 0x00000219ad646e30 Exception <a 'java/lang/NoSuchMethodError'{0x000000075557b6c0}: 'void java.lang.invoke.DirectMethodHandle$Holder.invokeInterface(java.lang.Object, java.lang.Object)'> (0x000000075557b6c0) 
thrown [s\open\src\hotspot\share\interpreter\linkResolver.cpp, line 796]
Event: 0.793 Thread 0x00000219ad646e30 Exception <a 'java/lang/NoSuchMethodError'{0x00000007555a48e0}: 'int java.lang.invoke.DirectMethodHandle$Holder.invokeStatic(java.lang.Object, java.lang.Object, java.lang.Object, java.lang.Object)'> (0x00000007555a48e0) 
thrown [s\open\src\hotspot\share\interpreter\linkResolver.cpp, line 796]
Event: 0.803 Thread 0x00000219ad646e30 Exception <a 'java/lang/NoSuchMethodError'{0x00000007555f51d0}: 'java.lang.Object java.lang.invoke.DirectMethodHandle$Holder.invokeSpecial(java.lang.Object, java.lang.Object, java.lang.Object, java.lang.Object, java.lang.Object, java.lang.Object, int)'> (0x00000007555f51d0) 
thrown [s\open\src\hotspot\share\interpreter\linkResolver.cpp, line 796]
Event: 0.804 Thread 0x00000219ad646e30 Exception <a 'java/lang/NoSuchMethodError'{0x00000007555fe8d8}: 'java.lang.Object java.lang.invoke.DirectMethodHandle$Holder.newInvokeSpecial(java.lang.Object, java.lang.Object, java.lang.Object, java.lang.Object, java.lang.Object, java.lang.Object, int)'> (0x00000007555fe8d8) 
thrown [s\open\src\hotspot\share\interpreter\linkResolver.cpp, line 796]
Event: 0.804 Thread 0x00000219ad646e30 Exception <a 'java/lang/NoSuchMethodError'{0x0000000755203170}: 'java.lang.Object java.lang.invoke.DirectMethodHandle$Holder.invokeSpecial(java.lang.Object, java.lang.Object, java.lang.Object, java.lang.Object, java.lang.Object, java.lang.Object, java.lang.Object, int)'> (0x0000000755203170) 
thrown [s\open\src\hotspot\share\interpreter\linkResolver.cpp, line 796]
Event: 0.855 Thread 0x00000219ad646e30 Exception <a 'java/lang/NoSuchMethodError'{0x0000000755389938}: 'void java.lang.invoke.DirectMethodHandle$Holder.invokeSpecial(java.lang.Object, java.lang.Object, java.lang.Object, java.lang.Object, java.lang.Object)'> (0x0000000755389938) 
thrown [s\open\src\hotspot\share\interpreter\linkResolver.cpp, line 796]
Event: 0.866 Thread 0x00000219bfdbd530 Exception <a 'java/lang/NoSuchMethodError'{0x000000075500ed40}: 'long java.lang.invoke.DirectMethodHandle$Holder.invokeVirtual(java.lang.Object, java.lang.Object)'> (0x000000075500ed40) 
thrown [s\open\src\hotspot\share\interpreter\linkResolver.cpp, line 796]
Event: 0.866 Thread 0x00000219ad646e30 Exception <a 'java/lang/NoSuchMethodError'{0x00000007553c9e70}: 'int java.lang.invoke.DirectMethodHandle$Holder.invokeVirtual(java.lang.Object, java.lang.Object)'> (0x00000007553c9e70) 
thrown [s\open\src\hotspot\share\interpreter\linkResolver.cpp, line 796]
Event: 0.866 Thread 0x00000219bfdbd530 Exception <a 'java/lang/NoSuchMethodError'{0x0000000755012338}: 'long java.lang.invoke.DelegatingMethodHandle$Holder.reinvoke_L(java.lang.Object, java.lang.Object)'> (0x0000000755012338) 
thrown [s\open\src\hotspot\share\interpreter\linkResolver.cpp, line 796]
Event: 0.870 Thread 0x00000219ad646e30 Exception <a 'java/lang/NoSuchMethodError'{0x00000007553ecac0}: 'java.lang.Object java.lang.invoke.DirectMethodHandle$Holder.invokeStaticInit(java.lang.Object, java.lang.Object, java.lang.Object, java.lang.Object, java.lang.Object, java.lang.Object, java.lang.Object)'> (0x00000007553ecac0) 
thrown [s\open\src\hotspot\share\interpreter\linkResolver.cpp, line 796]
Event: 0.872 Thread 0x00000219ad646e30 Exception <a 'java/lang/NoSuchMethodError'{0x00000007553f94e8}: 'int java.lang.invoke.DirectMethodHandle$Holder.invokeVirtual(java.lang.Object, java.lang.Object, java.lang.Object)'> (0x00000007553f94e8) 
thrown [s\open\src\hotspot\share\interpreter\linkResolver.cpp, line 796]
Event: 0.873 Thread 0x00000219ad646e30 Exception <a 'java/lang/NoSuchMethodError'{0x00000007553fd7c0}: 'int java.lang.invoke.DirectMethodHandle$Holder.invokeStaticInit(java.lang.Object, int, int)'> (0x00000007553fd7c0) 
thrown [s\open\src\hotspot\share\interpreter\linkResolver.cpp, line 796]
Event: 0.874 Thread 0x00000219ad646e30 Exception <a 'java/lang/NoSuchMethodError'{0x00000007550a2c68}: 'int java.lang.invoke.DirectMethodHandle$Holder.invokeStaticInit(java.lang.Object, long, long)'> (0x00000007550a2c68) 
thrown [s\open\src\hotspot\share\interpreter\linkResolver.cpp, line 796]
Event: 0.874 Thread 0x00000219ad646e30 Exception <a 'java/lang/NoSuchMethodError'{0x00000007550a9710}: 'int java.lang.invoke.DirectMethodHandle$Holder.invokeStaticInit(java.lang.Object, float, float)'> (0x00000007550a9710) 
thrown [s\open\src\hotspot\share\interpreter\linkResolver.cpp, line 796]
Event: 0.875 Thread 0x00000219ad646e30 Exception <a 'java/lang/NoSuchMethodError'{0x00000007550b01b0}: 'int java.lang.invoke.DirectMethodHandle$Holder.invokeStaticInit(java.lang.Object, double, double)'> (0x00000007550b01b0) 
thrown [s\open\src\hotspot\share\interpreter\linkResolver.cpp, line 796]
Event: 0.875 Thread 0x00000219ad646e30 Exception <a 'java/lang/NoSuchMethodError'{0x00000007550b4640}: 'int java.lang.invoke.DirectMethodHandle$Holder.invokeStatic(java.lang.Object, long)'> (0x00000007550b4640) 
thrown [s\open\src\hotspot\share\interpreter\linkResolver.cpp, line 796]
Event: 0.877 Thread 0x00000219ad646e30 Exception <a 'java/lang/NoSuchMethodError'{0x00000007550d6078}: 'int java.lang.invoke.Invokers$Holder.linkToTargetMethod(java.lang.Object, java.lang.Object)'> (0x00000007550d6078) 
thrown [s\open\src\hotspot\share\interpreter\linkResolver.cpp, line 796]

VM Operations (20 events):
Event: 0.196 Executing VM operation: HandshakeAllThreads (Deoptimize)
Event: 0.196 Executing VM operation: HandshakeAllThreads (Deoptimize) done
Event: 0.214 Executing VM operation: HandshakeAllThreads (Deoptimize)
Event: 0.214 Executing VM operation: HandshakeAllThreads (Deoptimize) done
Event: 0.364 Executing VM operation: HandshakeAllThreads (Deoptimize)
Event: 0.364 Executing VM operation: HandshakeAllThreads (Deoptimize) done
Event: 0.411 Executing VM operation: HandshakeAllThreads (Deoptimize)
Event: 0.411 Executing VM operation: HandshakeAllThreads (Deoptimize) done
Event: 0.425 Executing VM operation: HandshakeAllThreads (Deoptimize)
Event: 0.425 Executing VM operation: HandshakeAllThreads (Deoptimize) done
Event: 0.451 Executing VM operation: HandshakeAllThreads (Deoptimize)
Event: 0.451 Executing VM operation: HandshakeAllThreads (Deoptimize) done
Event: 0.459 Executing VM operation: HandshakeAllThreads (Deoptimize)
Event: 0.459 Executing VM operation: HandshakeAllThreads (Deoptimize) done
Event: 0.462 Executing VM operation: HandshakeAllThreads (Deoptimize)
Event: 0.462 Executing VM operation: HandshakeAllThreads (Deoptimize) done
Event: 0.483 Executing VM operation: G1CollectForAllocation (G1 Evacuation Pause)
Event: 0.490 Executing VM operation: G1CollectForAllocation (G1 Evacuation Pause) done
Event: 0.669 Executing VM operation: HandshakeAllThreads (Deoptimize)
Event: 0.669 Executing VM operation: HandshakeAllThreads (Deoptimize) done

Memory protections (0 events):
No events

Nmethod flushes (0 events):
No events

Events (19 events):
Event: 0.022 Thread 0x00000219ad646e30 Thread added: 0x00000219ad646e30
Event: 0.035 Thread 0x00000219ad646e30 Thread added: 0x00000219bfda9cb0
Event: 0.035 Thread 0x00000219ad646e30 Thread added: 0x00000219bfdaa910
Event: 0.035 Thread 0x00000219ad646e30 Thread added: 0x00000219bfdae5f0
Event: 0.035 Thread 0x00000219ad646e30 Thread added: 0x00000219bfdb1430
Event: 0.036 Thread 0x00000219ad646e30 Thread added: 0x00000219bfdba1f0
Event: 0.036 Thread 0x00000219ad646e30 Thread added: 0x00000219bfdbbaf0
Event: 0.036 Thread 0x00000219ad646e30 Thread added: 0x00000219bfdaf6a0
Event: 0.098 Thread 0x00000219ad646e30 Thread added: 0x00000219bfdbc180
Event: 0.100 Thread 0x00000219bfdaf6a0 Thread added: 0x0000021a050e8aa0
Event: 0.107 Thread 0x00000219bfdaf6a0 Thread added: 0x0000021a050e9f10
Event: 0.159 Thread 0x0000021a050e8aa0 Thread added: 0x0000021a050ea5e0
Event: 0.159 Thread 0x0000021a050e8aa0 Thread added: 0x0000021a050e83d0
Event: 0.194 Thread 0x00000219ad646e30 Thread added: 0x00000219bfdbc810
Event: 0.194 Thread 0x00000219ad646e30 Thread added: 0x00000219bfdbdbc0
Event: 0.418 Thread 0x00000219ad646e30 Thread added: 0x00000219bfdbcea0
Event: 0.429 Thread 0x00000219bfdbcea0 Thread added: 0x00000219bfdbd530
Event: 0.443 Thread 0x00000219bfdbd530 Thread added: 0x00000219bfdbe250
Event: 0.449 Thread 0x00000219bfdbd530 Thread added: 0x00000219bfdbadd0


Dynamic libraries:
0x00007ff626420000 - 0x00007ff62642e000 	C:\Users\hp\.jdks\openjdk-23.0.2\bin\java.exe
0x00007ffc37300000 - 0x00007ffc37565000 	C:\WINDOWS\SYSTEM32\ntdll.dll
0x00007ffc36150000 - 0x00007ffc36219000 	C:\WINDOWS\System32\KERNEL32.DLL
0x00007ffc34b30000 - 0x00007ffc34f18000 	C:\WINDOWS\System32\KERNELBASE.dll
0x00007ffc34940000 - 0x00007ffc34a8b000 	C:\WINDOWS\System32\ucrtbase.dll
0x00007ffc2f110000 - 0x00007ffc2f12b000 	C:\Users\hp\.jdks\openjdk-23.0.2\bin\VCRUNTIME140.dll
0x00007ffc2f480000 - 0x00007ffc2f497000 	C:\Users\hp\.jdks\openjdk-23.0.2\bin\jli.dll
0x00007ffc35400000 - 0x00007ffc355ca000 	C:\WINDOWS\System32\USER32.dll
0x00007ffc34710000 - 0x00007ffc34737000 	C:\WINDOWS\System32\win32u.dll
0x00007ffc1c310000 - 0x00007ffc1c5aa000 	C:\WINDOWS\WinSxS\amd64_microsoft.windows.common-controls_6595b64144ccf1df_6.0.26100.4202_none_3e0698d4e335f517\COMCTL32.dll
0x00007ffc35b30000 - 0x00007ffc35b5b000 	C:\WINDOWS\System32\GDI32.dll
0x00007ffc350a0000 - 0x00007ffc35149000 	C:\WINDOWS\System32\msvcrt.dll
0x00007ffc34450000 - 0x00007ffc34587000 	C:\WINDOWS\System32\gdi32full.dll
0x00007ffc34800000 - 0x00007ffc348a3000 	C:\WINDOWS\System32\msvcp_win.dll
0x00007ffc36220000 - 0x00007ffc36250000 	C:\WINDOWS\System32\IMM32.DLL
0x00007ffc30a30000 - 0x00007ffc30a3c000 	C:\Users\hp\.jdks\openjdk-23.0.2\bin\vcruntime140_1.dll
0x00007ffc0e4d0000 - 0x00007ffc0e55e000 	C:\Users\hp\.jdks\openjdk-23.0.2\bin\msvcp140.dll
0x00007ffbe6dc0000 - 0x00007ffbe7b10000 	C:\Users\hp\.jdks\openjdk-23.0.2\bin\server\jvm.dll
0x00007ffc36260000 - 0x00007ffc36313000 	C:\WINDOWS\System32\ADVAPI32.dll
0x00007ffc35a80000 - 0x00007ffc35b26000 	C:\WINDOWS\System32\sechost.dll
0x00007ffc35df0000 - 0x00007ffc35f05000 	C:\WINDOWS\System32\RPCRT4.dll
0x00007ffc363e0000 - 0x00007ffc36454000 	C:\WINDOWS\System32\WS2_32.dll
0x00007ffc33bc0000 - 0x00007ffc33c1e000 	C:\WINDOWS\SYSTEM32\POWRPROF.dll
0x00007ffc2cc00000 - 0x00007ffc2cc35000 	C:\WINDOWS\SYSTEM32\WINMM.dll
0x00007ffc2dbf0000 - 0x00007ffc2dbfb000 	C:\WINDOWS\SYSTEM32\VERSION.dll
0x00007ffc33b50000 - 0x00007ffc33b64000 	C:\WINDOWS\SYSTEM32\UMPDC.dll
0x00007ffc33210000 - 0x00007ffc3322b000 	C:\WINDOWS\SYSTEM32\kernel.appcore.dll
0x00007ffc2f550000 - 0x00007ffc2f55a000 	C:\Users\hp\.jdks\openjdk-23.0.2\bin\jimage.dll
0x00007ffc283c0000 - 0x00007ffc28601000 	C:\WINDOWS\SYSTEM32\DBGHELP.DLL
0x00007ffc355d0000 - 0x00007ffc35955000 	C:\WINDOWS\System32\combase.dll
0x00007ffc36a80000 - 0x00007ffc36b61000 	C:\WINDOWS\System32\OLEAUT32.dll
0x00007ffc18480000 - 0x00007ffc184b9000 	C:\WINDOWS\SYSTEM32\dbgcore.DLL
0x00007ffc34a90000 - 0x00007ffc34b29000 	C:\WINDOWS\System32\bcryptPrimitives.dll
0x00007ffc292f0000 - 0x00007ffc292ff000 	C:\Users\hp\.jdks\openjdk-23.0.2\bin\instrument.dll
0x00007ffc29300000 - 0x00007ffc2931e000 	C:\Users\hp\.jdks\openjdk-23.0.2\bin\java.dll
0x00007ffc35f10000 - 0x00007ffc360ae000 	C:\WINDOWS\System32\ole32.dll
0x00007ffc36b70000 - 0x00007ffc372b2000 	C:\WINDOWS\System32\SHELL32.dll
0x00007ffc34f20000 - 0x00007ffc35094000 	C:\WINDOWS\System32\wintypes.dll
0x00007ffc320d0000 - 0x00007ffc32928000 	C:\WINDOWS\SYSTEM32\windows.storage.dll
0x00007ffc35300000 - 0x00007ffc353f1000 	C:\WINDOWS\System32\SHCORE.dll
0x00007ffc359e0000 - 0x00007ffc35a4a000 	C:\WINDOWS\System32\shlwapi.dll
0x00007ffc34360000 - 0x00007ffc3438f000 	C:\WINDOWS\SYSTEM32\profapi.dll
0x00007ffc27fc0000 - 0x00007ffc27fd7000 	C:\Users\hp\.jdks\openjdk-23.0.2\bin\zip.dll
0x00007ffc292e0000 - 0x00007ffc292f0000 	C:\Users\hp\.jdks\openjdk-23.0.2\bin\net.dll
0x00007ffc337f0000 - 0x00007ffc3385a000 	C:\WINDOWS\system32\mswsock.dll
0x00007ffc281a0000 - 0x00007ffc281b6000 	C:\Users\hp\.jdks\openjdk-23.0.2\bin\nio.dll
0x00007ffc32d30000 - 0x00007ffc32e57000 	C:\WINDOWS\SYSTEM32\DNSAPI.dll
0x00007ffc32cf0000 - 0x00007ffc32d23000 	C:\WINDOWS\SYSTEM32\IPHLPAPI.DLL
0x00007ffc363d0000 - 0x00007ffc363da000 	C:\WINDOWS\System32\NSI.dll
0x00007ffc28190000 - 0x00007ffc28199000 	C:\Users\hp\.jdks\openjdk-23.0.2\bin\extnet.dll
0x00007ffc2a760000 - 0x00007ffc2a76b000 	C:\Windows\System32\rasadhlp.dll
0x00007ffc2d070000 - 0x00007ffc2d0f6000 	C:\WINDOWS\System32\fwpuclnt.dll
0x00007ffc27fb0000 - 0x00007ffc27fba000 	C:\Users\hp\.jdks\openjdk-23.0.2\bin\management.dll
0x00007ffc27fa0000 - 0x00007ffc27fab000 	C:\Users\hp\.jdks\openjdk-23.0.2\bin\management_ext.dll
0x00007ffc365d0000 - 0x00007ffc365d8000 	C:\WINDOWS\System32\PSAPI.DLL
0x00007ffc33ac0000 - 0x00007ffc33adb000 	C:\WINDOWS\SYSTEM32\CRYPTSP.dll
0x00007ffc33170000 - 0x00007ffc331aa000 	C:\WINDOWS\system32\rsaenh.dll
0x00007ffc33890000 - 0x00007ffc338bb000 	C:\WINDOWS\SYSTEM32\USERENV.dll
0x00007ffc34330000 - 0x00007ffc34356000 	C:\WINDOWS\SYSTEM32\bcrypt.dll
0x00007ffc33ae0000 - 0x00007ffc33aec000 	C:\WINDOWS\SYSTEM32\CRYPTBASE.dll
0x00007ffc15e10000 - 0x00007ffc15e28000 	C:\WINDOWS\system32\napinsp.dll
0x00007ffc16170000 - 0x00007ffc16182000 	C:\WINDOWS\System32\winrnr.dll
0x00007ffc16130000 - 0x00007ffc16160000 	C:\WINDOWS\system32\nlansp_c.dll
0x00007ffc160a0000 - 0x00007ffc160c0000 	C:\WINDOWS\system32\wshbth.dll
0x00007ffc18be0000 - 0x00007ffc18c2e000 	C:\WINDOWS\SYSTEM32\pdh.dll
0x00007ffc147a0000 - 0x00007ffc147b2000 	C:\WINDOWS\System32\perfproc.dll
0x00007ffc126c0000 - 0x00007ffc126d1000 	C:\WINDOWS\System32\perfos.dll
0x00007ffc32950000 - 0x00007ffc32962000 	C:\WINDOWS\SYSTEM32\pfclient.dll

dbghelp: loaded successfully - version: 4.0.5 - missing functions: none
symbol engine: initialized successfully - sym options: 0x614 - pdb path: .;C:\Users\hp\.jdks\openjdk-23.0.2\bin;C:\WINDOWS\SYSTEM32;C:\WINDOWS\WinSxS\amd64_microsoft.windows.common-controls_6595b64144ccf1df_6.0.26100.4202_none_3e0698d4e335f517;C:\Users\hp\.jdks\openjdk-23.0.2\bin\server

VM Arguments:
jvm_args: -XX:TieredStopAtLevel=1 -Dspring.output.ansi.enabled=always -Dcom.sun.management.jmxremote -Dspring.jmx.enabled=true -Dspring.liveBeansView.mbeanDomain -Dspring.application.admin.enabled=true -Dmanagement.endpoints.jmx.exposure.include=* -javaagent:C:\Users\hp\AppData\Local\Programs\IntelliJ IDEA Ultimate\lib\idea_rt.jar=56768 -Dfile.encoding=UTF-8 -Dsun.stdout.encoding=UTF-8 -Dsun.stderr.encoding=UTF-8 
java_command: com.lorachemicals.Backend.BackendApplication
java_class_path (initial): C:\Users\hp\Desktop\LoraChemical\LoraChemicals-Backend\target\classes;C:\Users\hp\.m2\repository\org\springframework\boot\spring-boot-starter-data-jpa\3.5.0\spring-boot-starter-data-jpa-3.5.0.jar;C:\Users\hp\.m2\repository\org\springframework\boot\spring-boot-starter\3.5.0\spring-boot-starter-3.5.0.jar;C:\Users\hp\.m2\repository\org\springframework\boot\spring-boot\3.5.0\spring-boot-3.5.0.jar;C:\Users\hp\.m2\repository\org\springframework\boot\spring-boot-autoconfigure\3.5.0\spring-boot-autoconfigure-3.5.0.jar;C:\Users\hp\.m2\repository\org\springframework\boot\spring-boot-starter-logging\3.5.0\spring-boot-starter-logging-3.5.0.jar;C:\Users\hp\.m2\repository\ch\qos\logback\logback-classic\1.5.18\logback-classic-1.5.18.jar;C:\Users\hp\.m2\repository\ch\qos\logback\logback-core\1.5.18\logback-core-1.5.18.jar;C:\Users\hp\.m2\repository\org\apache\logging\log4j\log4j-to-slf4j\2.24.3\log4j-to-slf4j-2.24.3.jar;C:\Users\hp\.m2\repository\org\apache\logging\log4j\log4j-api\2.24.3\log4j-api-2.24.3.jar;C:\Users\hp\.m2\repository\org\slf4j\jul-to-slf4j\2.0.17\jul-to-slf4j-2.0.17.jar;C:\Users\hp\.m2\repository\jakarta\annotation\jakarta.annotation-api\2.1.1\jakarta.annotation-api-2.1.1.jar;C:\Users\hp\.m2\repository\org\yaml\snakeyaml\2.4\snakeyaml-2.4.jar;C:\Users\hp\.m2\repository\org\springframework\boot\spring-boot-starter-jdbc\3.5.0\spring-boot-starter-jdbc-3.5.0.jar;C:\Users\hp\.m2\repository\com\zaxxer\HikariCP\6.3.0\HikariCP-6.3.0.jar;C:\Users\hp\.m2\repository\org\springframework\spring-jdbc\6.2.7\spring-jdbc-6.2.7.jar;C:\Users\hp\.m2\repository\org\hibernate\orm\hibernate-core\6.6.15.Final\hibernate-core-6.6.15.Final.jar;C:\Users\hp\.m2\repository\jakarta\persistence\jakarta.persistence-api\3.1.0\jakarta.persistence-api-3.1.0.jar;C:\Users\hp\.m2\repository\jakarta\transaction\jakarta.transaction-api\2.0.1\jakarta.transaction-api-2.0.1.jar;C:\Users\hp\.m2\repository\org\jboss\logging\jboss-logging\3.6.1.Final\jboss-logging-3.6.1.Final.jar;C:\Users\hp\.m2\repository\org\hibernate\common\hibernate-commons-annotations\7.0.3.Final\hibernate-commons-annotations-7.0.3.Final.jar;C:\Users\hp\.m2\repository\io\smallrye\jandex\3.2.0\jandex-3.2.0.jar;C:\Users\hp\.m2\repository\com\fasterxml\classmate\1.7.0\classmate-1.7.0.jar;C:\Users\hp\.m2\repository\net\bytebuddy\byte-buddy\1.17.5\byte-buddy-1.17.5.jar;C:\Users\hp\.m2\repository\org\glassfish\jaxb\jaxb-runtime\4.0.5\jaxb-runtime-4.0.5.jar;C:\Users\hp\.m2\repository\org\glassfish\jaxb\jaxb-core\4.0.5\jaxb-core-4.0.5.jar;C:\Users\hp\.m2\repository\org\eclipse\angus\angus-activation\2.0.2\angus-activation-2.0.2.jar;C:\Users\hp\.m2\repository\org\glassfish\jaxb\txw2\4.0.5\txw2-4.0.5.jar;C:\Users\hp\.m2\repository\com\sun\istack\istack-commons-runtime\4.1.2\istack-commons-runtime-4.1.2.jar;C:\Users\hp\.m2\repository\jakarta\inject\jakarta.inject-api\2.0.1\jakarta.inject-api-2.0.1.jar;C:\Users\hp\.m2\repository\org\antlr\antlr4-runtime\4.13.0\antlr4-runtime-4.13.0.jar;C:\Users\hp\.m2\repository\org\springframework\data\spring-data-jpa\3.5.0\spring-data-jpa-3.5.0.jar;C:\Users\hp\.m2\repository\org\springframework\data\spring-data-commons\3.5.0\spring-data-commons-3.5.0.jar;C:\Users\hp\.m2\repository\org\springframework\spring-orm\6.2.7\spring-orm-6.2.7.jar;C:\Users\hp\.m2\repository\org\springframework\spring-context\6.2.7\spring-context-6.2.7.jar;C:\Users\hp\.m2\repository\org\springframework\spring-aop\6.2.7\spring-aop-6.2.7.jar;C:\Users\hp\.m2\repository\org\springframework\spring-tx\6.2.7\spring-tx-6.2.7.jar;C:\Users\hp\.m2\repository\org\springframework\spring-beans\6.2.7\spring-beans-6.2.7.jar;C:\Users\hp\.m2\repository\org\slf4j\slf4j-api\2.0.17\slf4j-api-2.0.17.jar;C:\Users\hp\.m2\repository\org\springframework\spring-aspects\6.2.7\spring-aspects-6.2.7.jar;C:\Users\hp\.m2\repository\org\aspectj\aspectjweaver\1.9.24\aspectjweaver-1.9.24.jar;C:\Users\hp\.m2\repository\org\springframework\boot\spring-boot-starter-web\3.5.0\spring-boot-starter-web-3.5.0.jar;C:\Users\hp\.m2\repository\org\springframework\boot\spring-boot-starter-json\3.5.0\spring-boot-starter-json-3.5.0.jar;C:\Users\hp\.m2\repository\com\fasterxml\jackson\datatype\jackson-datatype-jdk8\2.19.0\jackson-datatype-jdk8-2.19.0.jar;C:\Users\hp\.m2\repository\com\fasterxml\jackson\datatype\jackson-datatype-jsr310\2.19.0\jackson-datatype-jsr310-2.19.0.jar;C:\Users\hp\.m2\repository\com\fasterxml\jackson\module\jackson-module-parameter-names\2.19.0\jackson-module-parameter-names-2.19.0.jar;C:\Users\hp\.m2\repository\org\springframework\boot\spring-boot-starter-tomcat\3.5.0\spring-boot-starter-tomcat-3.5.0.jar;C:\Users\hp\.m2\repository\org\apache\tomcat\embed\tomcat-embed-core\10.1.41\tomcat-embed-core-10.1.41.jar;C:\Users\hp\.m2\repository\org\apache\tomcat\embed\tomcat-embed-el\10.1.41\tomcat-embed-el-10.1.41.jar;C:\Users\hp\.m2\repository\org\apache\tomcat\embed\tomcat-embed-websocket\10.1.41\tomcat-embed-websocket-10.1.41.jar;C:\Users\hp\.m2\repository\org\springframework\spring-web\6.2.7\spring-web-6.2.7.jar;C:\Users\hp\.m2\repository\io\micrometer\micrometer-observation\1.15.0\micrometer-observation-1.15.0.jar;C:\Users\hp\.m2\repository\io\micrometer\micrometer-commons\1.15.0\micrometer-commons-1.15.0.jar;C:\Users\hp\.m2\repository\org\springframework\spring-webmvc\6.2.7\spring-webmvc-6.2.7.jar;C:\Users\hp\.m2\repository\org\springframework\spring-expression\6.2.7\spring-expression-6.2.7.jar;C:\Users\hp\.m2\repository\org\modelmapper\modelmapper\3.1.1\modelmapper-3.1.1.jar;C:\Users\hp\.m2\repository\org\postgresql\postgresql\42.7.7\postgresql-42.7.7.jar;C:\Users\hp\.m2\repository\org\checkerframework\checker-qual\3.49.3\checker-qual-3.49.3.jar;C:\Users\hp\.m2\repository\org\projectlombok\lombok\1.18.30\lombok-1.18.30.jar;C:\Users\hp\.m2\repository\jakarta\xml\bind\jakarta.xml.bind-api\4.0.2\jakarta.xml.bind-api-4.0.2.jar;C:\Users\hp\.m2\repository\jakarta\activation\jakarta.activation-api\2.1.3\jakarta.activation-api-2.1.3.jar;C:\Users\hp\.m2\repository\org\springframework\spring-core\6.2.7\spring-core-6.2.7.jar;C:\Users\hp\.m2\repository\org\springframework\spring-jcl\6.2.7\spring-jcl-6.2.7.jar;C:\Users\hp\.m2\repository\io\jsonwebtoken\jjwt-api\0.11.5\jjwt-api-0.11.5.jar;C:\Users\hp\.m2\repository\io\jsonwebtoken\jjwt-impl\0.11.5\jjwt-impl-0.11.5.jar;C:\Users\hp\.m2\repository\io\jsonwebtoken\jjwt-jackson\0.11.5\jjwt-jackson-0.11.5.jar;C:\Users\hp\.m2\repository\com\fasterxml\jackson\core\jackson-databind\2.19.0\jackson-databind-2.19.0.jar;C:\Users\hp\.m2\repository\com\fasterxml\jackson\core\jackson-annotations\2.19.0\jackson-annotations-2.19.0.jar;C:\Users\hp\.m2\repository\com\fasterxml\jackson\core\jackson-core\2.19.0\jackson-core-2.19.0.jar
Launcher Type: SUN_STANDARD

[Global flags]
     intx CICompilerCount                          = 12                                        {product} {ergonomic}
     uint ConcGCThreads                            = 3                                         {product} {ergonomic}
     uint G1ConcRefinementThreads                  = 13                                        {product} {ergonomic}
   size_t G1HeapRegionSize                         = 2097152                                   {product} {ergonomic}
   size_t InitialHeapSize                          = 190840832                                 {product} {ergonomic}
     bool ManagementServer                         = true                                      {product} {command line}
   size_t MarkStackSize                            = 4194304                                   {product} {ergonomic}
   size_t MarkStackSizeMax                         = 536870912                                 {product} {ergonomic}
   size_t MaxHeapSize                              = 3040870400                                {product} {ergonomic}
   size_t MaxNewSize                               = 1824522240                                {product} {ergonomic}
   size_t MinHeapDeltaBytes                        = 2097152                                   {product} {ergonomic}
   size_t MinHeapSize                              = 8388608                                   {product} {ergonomic}
    uintx NonNMethodCodeHeapSize                   = 4096                                   {pd product} {ergonomic}
    uintx NonProfiledCodeHeapSize                  = 0                                      {pd product} {ergonomic}
     bool ProfileInterpreter                       = false                                  {pd product} {command line}
    uintx ProfiledCodeHeapSize                     = 0                                      {pd product} {ergonomic}
   size_t SoftMaxHeapSize                          = 3040870400                             {manageable} {ergonomic}
     intx TieredStopAtLevel                        = 1                                         {product} {command line}
     bool UseCompressedOops                        = true                           {product lp64_product} {ergonomic}
     bool UseG1GC                                  = true                                      {product} {ergonomic}
     bool UseLargePagesIndividualAllocation        = false                                  {pd product} {ergonomic}

Logging:
Log output configuration:
 #0: stdout all=warning uptime,level,tags foldmultilines=false
 #1: stderr all=off uptime,level,tags foldmultilines=false

Environment Variables:
JAVA_HOME=C:\Users\hp\AppData\Local\Programs\Eclipse Adoptium\jdk-17.0.11.9-hotspot\
PATH=C:\WINDOWS\system32;C:\WINDOWS;C:\WINDOWS\System32\Wbem;C:\WINDOWS\System32\WindowsPowerShell\v1.0\;C:\WINDOWS\System32\OpenSSH\;C:\TDM-GCC-64\bin;C:\wamp64\bin\mysql\mysql8.0.18\bin;C:\Program Files\Git\cmd;C:\Windows\System32\cmd.exe;C:\xampp\mysql\bin;C:\Program Files (x86)\scala\bin;C:\Program Files\nodejs\;C:\Program Files\Docker\Docker\resources\bin;C:\ProgramData\ComposerSetup\bin;C:\Program Files\PuTTY\;C:\Users\hp\.cargo\bin;C:\Users\hp\AppData\Local\Programs\Eclipse Adoptium\jdk-17.0.11.9-hotspot\bin;C:\Users\hp\AppData\Local\Programs\Python\Python312\Scripts\;C:\Users\hp\AppData\Local\Programs\Python\Python312\;C:\Users\hp\AppData\Local\Programs\Python\Launcher\;C:\Users\hp\AppData\Local\Microsoft\WindowsApps;C:\Users\hp\Desktop\ass\bin;C:\Users\hp\AppData\Local\Programs\Microsoft VS Code\bin;C:\xampp\php;C:\xampp\mysql\bin;C:\flutter\bin;C:\Users\hp\AppData\Local\GitHubDesktop\bin;C:\Program Files\JetBrains\IntelliJ IDEA Community Edition 2024.1.1\bin;C:\Users\hp\AppData\Roaming\npm;C:\Users\hp\AppData\Roaming\Composer\vendor\bin;C:\Users\hp\AppData\Local\Programs\cursor\resources\app\bin;C:\Users\hp\AppData\Local\JetBrains\Toolbox\scripts;
USERNAME=hp
OS=Windows_NT
PROCESSOR_IDENTIFIER=AMD64 Family 23 Model 104 Stepping 1, AuthenticAMD
TMP=C:\Users\hp\AppData\Local\Temp
TEMP=C:\Users\hp\AppData\Local\Temp




Periodic native trim disabled

---------------  S Y S T E M  ---------------

OS:
 Windows 11 , 64 bit Build 26100 (10.0.26100.4202)
OS uptime: 0 days 18:14 hours

CPU: total 16 (initial active 16) (16 cores per cpu, 2 threads per core) family 23 model 104 stepping 1 microcode 0x8608109, cx8, cmov, fxsr, ht, mmx, 3dnowpref, sse, sse2, sse3, ssse3, sse4a, sse4.1, sse4.2, popcnt, lzcnt, tsc, tscinvbit, avx, avx2, aes, clmul, bmi1, bmi2, adx, sha, fma, vzeroupper, clflush, clflushopt, rdtscp, rdpid, f16c
Processor Information for the first 16 processors :
  Max Mhz: 1801, Current Mhz: 1801, Mhz Limit: 1801

Memory: 4k page, system-wide physical 11597M (1887M free)
TotalPageFile size 19789M (AvailPageFile size 2704M)
current process WorkingSet (physical memory assigned to process): 99M, peak: 99M
current process commit charge ("private bytes"): 303M, peak: 303M

vm_info: OpenJDK 64-Bit Server VM (23.0.2+7-58) for windows-amd64 JRE (23.0.2+7-58), built on 2024-11-29T09:34:55Z with MS VC++ 17.6 (VS2022)

END.
